# JRE version: OpenJDK Runtime Environment (7.0_65-b32) (build 1.7.0_65-b32)
# Java VM: OpenJDK 64-Bit Server VM (24.65-b04 mixed mode linux-amd64 compressed oops)
Heap
 PSYoungGen      total 296960K, used 283280K [0x00000000ecc80000, 0x0000000100000000, 0x0000000100000000)
  eden space 281088K, 99% used [0x00000000ecc80000,0x00000000fdcd5810,0x00000000fdf00000)
  from space 15872K, 27% used [0x00000000ff080000,0x00000000ff4ce810,0x0000000100000000)
  to   space 16896K, 0% used [0x00000000fdf00000,0x00000000fdf00000,0x00000000fef80000)
 ParOldGen       total 427520K, used 426938K [0x00000000c6600000, 0x00000000e0780000, 0x00000000ecc80000)
  object space 427520K, 99% used [0x00000000c6600000,0x00000000e06eeb18,0x00000000e0780000)
 PSPermGen       total 32256K, used 14767K [0x00000000bc000000, 0x00000000bdf80000, 0x00000000c6600000)
  object space 32256K, 45% used [0x00000000bc000000,0x00000000bce6be38,0x00000000bdf80000)
GC Heap History (10 events):
Event: 22.756 GC heap before
{Heap before GC invocations=185 (full 3):
 PSYoungGen      total 298496K, used 291864K [0x00000000ecc80000, 0x0000000100000000, 0x0000000100000000)
  eden space 282112K, 98% used [0x00000000ecc80000,0x00000000fdd08760,0x00000000fe000000)
  from space 16384K, 78% used [0x00000000fe000000,0x00000000fec7dba8,0x00000000ff000000)
  to   space 16384K, 0% used [0x00000000ff000000,0x00000000ff000000,0x0000000100000000)
 ParOldGen       total 266752K, used 263667K [0x00000000c6600000, 0x00000000d6a80000, 0x00000000ecc80000)
  object space 266752K, 98% used [0x00000000c6600000,0x00000000d677cd08,0x00000000d6a80000)
 PSPermGen       total 32256K, used 14767K [0x00000000bc000000, 0x00000000bdf80000, 0x00000000c6600000)
  object space 32256K, 45% used [0x00000000bc000000,0x00000000bce6be38,0x00000000bdf80000)
Event: 22.763 GC heap after
Heap after GC invocations=185 (full 3):
 PSYoungGen      total 298496K, used 12827K [0x00000000ecc80000, 0x0000000100000000, 0x0000000100000000)
  eden space 282112K, 0% used [0x00000000ecc80000,0x00000000ecc80000,0x00000000fe000000)
  from space 16384K, 78% used [0x00000000ff000000,0x00000000ffc86f18,0x0000000100000000)
  to   space 16384K, 0% used [0x00000000fe000000,0x00000000fe000000,0x00000000ff000000)
 ParOldGen       total 266752K, used 263667K [0x00000000c6600000, 0x00000000d6a80000, 0x00000000ecc80000)
  object space 266752K, 98% used [0x00000000c6600000,0x00000000d677cd08,0x00000000d6a80000)
 PSPermGen       total 32256K, used 14767K [0x00000000bc000000, 0x00000000bdf80000, 0x00000000c6600000)
  object space 32256K, 45% used [0x00000000bc000000,0x00000000bce6be38,0x00000000bdf80000)
}
Event: 22.865 GC heap before
{Heap before GC invocations=186 (full 3):
 PSYoungGen      total 298496K, used 292676K [0x00000000ecc80000, 0x0000000100000000, 0x0000000100000000)
  eden space 282112K, 99% used [0x00000000ecc80000,0x00000000fddca1d0,0x00000000fe000000)
  from space 16384K, 78% used [0x00000000ff000000,0x00000000ffc86f18,0x0000000100000000)
  to   space 16384K, 0% used [0x00000000fe000000,0x00000000fe000000,0x00000000ff000000)
 ParOldGen       total 266752K, used 263667K [0x00000000c6600000, 0x00000000d6a80000, 0x00000000ecc80000)
  object space 266752K, 98% used [0x00000000c6600000,0x00000000d677cd08,0x00000000d6a80000)
 PSPermGen       total 32256K, used 14767K [0x00000000bc000000, 0x00000000bdf80000, 0x00000000c6600000)
  object space 32256K, 45% used [0x00000000bc000000,0x00000000bce6be38,0x00000000bdf80000)
Event: 22.871 GC heap after
Heap after GC invocations=186 (full 3):
 PSYoungGen      total 295424K, used 12863K [0x00000000ecc80000, 0x00000000fff00000, 0x0000000100000000)
  eden space 282112K, 0% used [0x00000000ecc80000,0x00000000ecc80000,0x00000000fe000000)
  from space 13312K, 96% used [0x00000000fe000000,0x00000000fec8fde8,0x00000000fed00000)
  to   space 15872K, 0% used [0x00000000fef80000,0x00000000fef80000,0x00000000fff00000)
 ParOldGen       total 266752K, used 263667K [0x00000000c6600000, 0x00000000d6a80000, 0x00000000ecc80000)
  object space 266752K, 98% used [0x00000000c6600000,0x00000000d677cd08,0x00000000d6a80000)
 PSPermGen       total 32256K, used 14767K [0x00000000bc000000, 0x00000000bdf80000, 0x00000000c6600000)
  object space 32256K, 45% used [0x00000000bc000000,0x00000000bce6be38,0x00000000bdf80000)
}
Event: 22.977 GC heap before
{Heap before GC invocations=187 (full 3):
 PSYoungGen      total 295424K, used 293527K [0x00000000ecc80000, 0x00000000fff00000, 0x0000000100000000)
  eden space 282112K, 99% used [0x00000000ecc80000,0x00000000fde961a8,0x00000000fe000000)
  from space 13312K, 96% used [0x00000000fe000000,0x00000000fec8fde8,0x00000000fed00000)
  to   space 15872K, 0% used [0x00000000fef80000,0x00000000fef80000,0x00000000fff00000)
 ParOldGen       total 266752K, used 263667K [0x00000000c6600000, 0x00000000d6a80000, 0x00000000ecc80000)
  object space 266752K, 98% used [0x00000000c6600000,0x00000000d677cd08,0x00000000d6a80000)
 PSPermGen       total 32256K, used 14767K [0x00000000bc000000, 0x00000000bdf80000, 0x00000000c6600000)
  object space 32256K, 45% used [0x00000000bc000000,0x00000000bce6be38,0x00000000bdf80000)
Event: 22.984 GC heap after
Heap after GC invocations=187 (full 3):
 PSYoungGen      total 297984K, used 12900K [0x00000000ecc80000, 0x0000000100000000, 0x0000000100000000)
  eden space 282112K, 0% used [0x00000000ecc80000,0x00000000ecc80000,0x00000000fe000000)
  from space 15872K, 81% used [0x00000000fef80000,0x00000000ffc19290,0x00000000fff00000)
  to   space 15872K, 0% used [0x00000000fe000000,0x00000000fe000000,0x00000000fef80000)
 ParOldGen       total 266752K, used 263667K [0x00000000c6600000, 0x00000000d6a80000, 0x00000000ecc80000)
  object space 266752K, 98% used [0x00000000c6600000,0x00000000d677cd08,0x00000000d6a80000)
 PSPermGen       total 32256K, used 14767K [0x00000000bc000000, 0x00000000bdf80000, 0x00000000c6600000)
  object space 32256K, 45% used [0x00000000bc000000,0x00000000bce6be38,0x00000000bdf80000)
}
Event: 23.088 GC heap before
{Heap before GC invocations=188 (full 3):
 PSYoungGen      total 297984K, used 294359K [0x00000000ecc80000, 0x0000000100000000, 0x0000000100000000)
  eden space 282112K, 99% used [0x00000000ecc80000,0x00000000fdf5ccc8,0x00000000fe000000)
  from space 15872K, 81% used [0x00000000fef80000,0x00000000ffc19290,0x00000000fff00000)
  to   space 15872K, 0% used [0x00000000fe000000,0x00000000fe000000,0x00000000fef80000)
 ParOldGen       total 266752K, used 263667K [0x00000000c6600000, 0x00000000d6a80000, 0x00000000ecc80000)
  object space 266752K, 98% used [0x00000000c6600000,0x00000000d677cd08,0x00000000d6a80000)
 PSPermGen       total 32256K, used 14767K [0x00000000bc000000, 0x00000000bdf80000, 0x00000000c6600000)
  object space 32256K, 45% used [0x00000000bc000000,0x00000000bce6be38,0x00000000bdf80000)
Event: 23.096 GC heap after
Heap after GC invocations=188 (full 3):
 PSYoungGen      total 297984K, used 12937K [0x00000000ecc80000, 0x0000000100000000, 0x0000000100000000)
  eden space 282112K, 0% used [0x00000000ecc80000,0x00000000ecc80000,0x00000000fe000000)
  from space 15872K, 81% used [0x00000000fe000000,0x00000000feca2460,0x00000000fef80000)
  to   space 15872K, 0% used [0x00000000ff080000,0x00000000ff080000,0x0000000100000000)
 ParOldGen       total 266752K, used 263667K [0x00000000c6600000, 0x00000000d6a80000, 0x00000000ecc80000)
  object space 266752K, 98% used [0x00000000c6600000,0x00000000d677cd08,0x00000000d6a80000)
 PSPermGen       total 32256K, used 14767K [0x00000000bc000000, 0x00000000bdf80000, 0x00000000c6600000)
  object space 32256K, 45% used [0x00000000bc000000,0x00000000bce6be38,0x00000000bdf80000)
}
Event: 23.207 GC heap before
{Heap before GC invocations=189 (full 3):
 PSYoungGen      total 297984K, used 290949K [0x00000000ecc80000, 0x0000000100000000, 0x0000000100000000)
  eden space 282112K, 98% used [0x00000000ecc80000,0x00000000fdbff338,0x00000000fe000000)
  from space 15872K, 81% used [0x00000000fe000000,0x00000000feca2460,0x00000000fef80000)
  to   space 15872K, 0% used [0x00000000ff080000,0x00000000ff080000,0x0000000100000000)
 ParOldGen       total 271360K, used 267949K [0x00000000c6600000, 0x00000000d6f00000, 0x00000000ecc80000)
  object space 271360K, 98% used [0x00000000c6600000,0x00000000d6bab518,0x00000000d6f00000)
 PSPermGen       total 32256K, used 14767K [0x00000000bc000000, 0x00000000bdf80000, 0x00000000c6600000)
  object space 32256K, 45% used [0x00000000bc000000,0x00000000bce6be38,0x00000000bdf80000)
Event: 23.211 GC heap after
Heap after GC invocations=189 (full 3):
 PSYoungGen      total 296960K, used 4410K [0x00000000ecc80000, 0x0000000100000000, 0x0000000100000000)
  eden space 281088K, 0% used [0x00000000ecc80000,0x00000000ecc80000,0x00000000fdf00000)
  from space 15872K, 27% used [0x00000000ff080000,0x00000000ff4ce810,0x0000000100000000)
  to   space 16896K, 0% used [0x00000000fdf00000,0x00000000fdf00000,0x00000000fef80000)
 ParOldGen       total 271360K, used 267949K [0x00000000c6600000, 0x00000000d6f00000, 0x00000000ecc80000)
  object space 271360K, 98% used [0x00000000c6600000,0x00000000d6bab518,0x00000000d6f00000)
 PSPermGen       total 32256K, used 14767K [0x00000000bc000000, 0x00000000bdf80000, 0x00000000c6600000)
  object space 32256K, 45% used [0x00000000bc000000,0x00000000bce6be38,0x00000000bdf80000)
}

