# JRE version: OpenJDK Runtime Environment (7.0_65-b32) (build 1.7.0_65-b32)
# Java VM: OpenJDK 64-Bit Server VM (24.65-b04 mixed mode linux-amd64 compressed oops)
Heap
 PSYoungGen      total 240128K, used 0K [0x00000000ecc80000, 0x0000000100000000, 0x0000000100000000)
  eden space 168448K, 0% used [0x00000000ecc80000,0x00000000ecc80000,0x00000000f7100000)
  from space 71680K, 0% used [0x00000000f7100000,0x00000000f7100000,0x00000000fb700000)
  to   space 72192K, 0% used [0x00000000fb980000,0x00000000fb980000,0x0000000100000000)
 ParOldGen       total 531968K, used 506175K [0x00000000c6600000, 0x00000000e6d80000, 0x00000000ecc80000)
  object space 531968K, 95% used [0x00000000c6600000,0x00000000e544fd08,0x00000000e6d80000)
 PSPermGen       total 26624K, used 14975K [0x00000000bc000000, 0x00000000bda00000, 0x00000000c6600000)
  object space 26624K, 56% used [0x00000000bc000000,0x00000000bce9ff50,0x00000000bda00000)
GC Heap History (10 events):
Event: 13.675 GC heap after
Heap after GC invocations=58 (full 7):
 PSYoungGen      total 233984K, used 47776K [0x00000000ecc80000, 0x0000000100000000, 0x0000000100000000)
  eden space 156160K, 0% used [0x00000000ecc80000,0x00000000ecc80000,0x00000000f6500000)
  from space 77824K, 61% used [0x00000000f6500000,0x00000000f93a8000,0x00000000fb100000)
  to   space 77824K, 0% used [0x00000000fb400000,0x00000000fb400000,0x0000000100000000)
 ParOldGen       total 531968K, used 418666K [0x00000000c6600000, 0x00000000e6d80000, 0x00000000ecc80000)
  object space 531968K, 78% used [0x00000000c6600000,0x00000000dfeda910,0x00000000e6d80000)
 PSPermGen       total 26624K, used 14975K [0x00000000bc000000, 0x00000000bda00000, 0x00000000c6600000)
  object space 26624K, 56% used [0x00000000bc000000,0x00000000bce9ff50,0x00000000bda00000)
}
Event: 13.754 GC heap before
{Heap before GC invocations=59 (full 7):
 PSYoungGen      total 233984K, used 203936K [0x00000000ecc80000, 0x0000000100000000, 0x0000000100000000)
  eden space 156160K, 100% used [0x00000000ecc80000,0x00000000f6500000,0x00000000f6500000)
  from space 77824K, 61% used [0x00000000f6500000,0x00000000f93a8000,0x00000000fb100000)
  to   space 77824K, 0% used [0x00000000fb400000,0x00000000fb400000,0x0000000100000000)
 ParOldGen       total 531968K, used 418666K [0x00000000c6600000, 0x00000000e6d80000, 0x00000000ecc80000)
  object space 531968K, 78% used [0x00000000c6600000,0x00000000dfeda910,0x00000000e6d80000)
 PSPermGen       total 26624K, used 14975K [0x00000000bc000000, 0x00000000bda00000, 0x00000000c6600000)
  object space 26624K, 56% used [0x00000000bc000000,0x00000000bce9ff50,0x00000000bda00000)
Event: 13.817 GC heap after
Heap after GC invocations=59 (full 7):
 PSYoungGen      total 229888K, used 40448K [0x00000000ecc80000, 0x00000000ff900000, 0x0000000100000000)
  eden space 159232K, 0% used [0x00000000ecc80000,0x00000000ecc80000,0x00000000f6800000)
  from space 70656K, 57% used [0x00000000fb400000,0x00000000fdb80000,0x00000000ff900000)
  to   space 74240K, 0% used [0x00000000f6800000,0x00000000f6800000,0x00000000fb080000)
 ParOldGen       total 531968K, used 437024K [0x00000000c6600000, 0x00000000e6d80000, 0x00000000ecc80000)
  object space 531968K, 82% used [0x00000000c6600000,0x00000000e10c8210,0x00000000e6d80000)
 PSPermGen       total 26624K, used 14975K [0x00000000bc000000, 0x00000000bda00000, 0x00000000c6600000)
  object space 26624K, 56% used [0x00000000bc000000,0x00000000bce9ff50,0x00000000bda00000)
}
Event: 13.896 GC heap before
{Heap before GC invocations=60 (full 7):
 PSYoungGen      total 229888K, used 199680K [0x00000000ecc80000, 0x00000000ff900000, 0x0000000100000000)
  eden space 159232K, 100% used [0x00000000ecc80000,0x00000000f6800000,0x00000000f6800000)
  from space 70656K, 57% used [0x00000000fb400000,0x00000000fdb80000,0x00000000ff900000)
  to   space 74240K, 0% used [0x00000000f6800000,0x00000000f6800000,0x00000000fb080000)
 ParOldGen       total 531968K, used 437024K [0x00000000c6600000, 0x00000000e6d80000, 0x00000000ecc80000)
  object space 531968K, 82% used [0x00000000c6600000,0x00000000e10c8210,0x00000000e6d80000)
 PSPermGen       total 26624K, used 14975K [0x00000000bc000000, 0x00000000bda00000, 0x00000000c6600000)
  object space 26624K, 56% used [0x00000000bc000000,0x00000000bce9ff50,0x00000000bda00000)
Event: 13.938 GC heap after
Heap after GC invocations=60 (full 7):
 PSYoungGen      total 233472K, used 31520K [0x00000000ecc80000, 0x00000000fff80000, 0x0000000100000000)
  eden space 159232K, 0% used [0x00000000ecc80000,0x00000000ecc80000,0x00000000f6800000)
  from space 74240K, 42% used [0x00000000f6800000,0x00000000f86c8000,0x00000000fb080000)
  to   space 72192K, 0% used [0x00000000fb900000,0x00000000fb900000,0x00000000fff80000)
 ParOldGen       total 531968K, used 457092K [0x00000000c6600000, 0x00000000e6d80000, 0x00000000ecc80000)
  object space 531968K, 85% used [0x00000000c6600000,0x00000000e2461058,0x00000000e6d80000)
 PSPermGen       total 26624K, used 14975K [0x00000000bc000000, 0x00000000bda00000, 0x00000000c6600000)
  object space 26624K, 56% used [0x00000000bc000000,0x00000000bce9ff50,0x00000000bda00000)
}
Event: 14.016 GC heap before
{Heap before GC invocations=61 (full 7):
 PSYoungGen      total 233472K, used 190752K [0x00000000ecc80000, 0x00000000fff80000, 0x0000000100000000)
  eden space 159232K, 100% used [0x00000000ecc80000,0x00000000f6800000,0x00000000f6800000)
  from space 74240K, 42% used [0x00000000f6800000,0x00000000f86c8000,0x00000000fb080000)
  to   space 72192K, 0% used [0x00000000fb900000,0x00000000fb900000,0x00000000fff80000)
 ParOldGen       total 531968K, used 457092K [0x00000000c6600000, 0x00000000e6d80000, 0x00000000ecc80000)
  object space 531968K, 85% used [0x00000000c6600000,0x00000000e2461058,0x00000000e6d80000)
 PSPermGen       total 26624K, used 14975K [0x00000000bc000000, 0x00000000bda00000, 0x00000000c6600000)
  object space 26624K, 56% used [0x00000000bc000000,0x00000000bce9ff50,0x00000000bda00000)
Event: 14.058 GC heap after
Heap after GC invocations=61 (full 7):
 PSYoungGen      total 238080K, used 21184K [0x00000000ecc80000, 0x00000000ffd00000, 0x0000000100000000)
  eden space 168448K, 0% used [0x00000000ecc80000,0x00000000ecc80000,0x00000000f7100000)
  from space 69632K, 30% used [0x00000000fb900000,0x00000000fcdb0000,0x00000000ffd00000)
  to   space 71680K, 0% used [0x00000000f7100000,0x00000000f7100000,0x00000000fb700000)
 ParOldGen       total 531968K, used 478706K [0x00000000c6600000, 0x00000000e6d80000, 0x00000000ecc80000)
  object space 531968K, 89% used [0x00000000c6600000,0x00000000e397cb08,0x00000000e6d80000)
 PSPermGen       total 26624K, used 14975K [0x00000000bc000000, 0x00000000bda00000, 0x00000000c6600000)
  object space 26624K, 56% used [0x00000000bc000000,0x00000000bce9ff50,0x00000000bda00000)
}
Event: 14.147 GC heap before
{Heap before GC invocations=62 (full 7):
 PSYoungGen      total 238080K, used 189632K [0x00000000ecc80000, 0x00000000ffd00000, 0x0000000100000000)
  eden space 168448K, 100% used [0x00000000ecc80000,0x00000000f7100000,0x00000000f7100000)
  from space 69632K, 30% used [0x00000000fb900000,0x00000000fcdb0000,0x00000000ffd00000)
  to   space 71680K, 0% used [0x00000000f7100000,0x00000000f7100000,0x00000000fb700000)
 ParOldGen       total 531968K, used 478706K [0x00000000c6600000, 0x00000000e6d80000, 0x00000000ecc80000)
  object space 531968K, 89% used [0x00000000c6600000,0x00000000e397cb08,0x00000000e6d80000)
 PSPermGen       total 26624K, used 14975K [0x00000000bc000000, 0x00000000bda00000, 0x00000000c6600000)
  object space 26624K, 56% used [0x00000000bc000000,0x00000000bce9ff50,0x00000000bda00000)
Event: 14.178 GC heap after
Heap after GC invocations=62 (full 7):
 PSYoungGen      total 240128K, used 12169K [0x00000000ecc80000, 0x0000000100000000, 0x0000000100000000)
  eden space 168448K, 0% used [0x00000000ecc80000,0x00000000ecc80000,0x00000000f7100000)
  from space 71680K, 16% used [0x00000000f7100000,0x00000000f7ce2798,0x00000000fb700000)
  to   space 72192K, 0% used [0x00000000fb980000,0x00000000fb980000,0x0000000100000000)
 ParOldGen       total 531968K, used 500461K [0x00000000c6600000, 0x00000000e6d80000, 0x00000000ecc80000)
  object space 531968K, 94% used [0x00000000c6600000,0x00000000e4ebb580,0x00000000e6d80000)
 PSPermGen       total 26624K, used 14975K [0x00000000bc000000, 0x00000000bda00000, 0x00000000c6600000)
  object space 26624K, 56% used [0x00000000bc000000,0x00000000bce9ff50,0x00000000bda00000)
}
Event: 14.178 GC heap before
{Heap before GC invocations=63 (full 8):
 PSYoungGen      total 240128K, used 12169K [0x00000000ecc80000, 0x0000000100000000, 0x0000000100000000)
  eden space 168448K, 0% used [0x00000000ecc80000,0x00000000ecc80000,0x00000000f7100000)
  from space 71680K, 16% used [0x00000000f7100000,0x00000000f7ce2798,0x00000000fb700000)
  to   space 72192K, 0% used [0x00000000fb980000,0x00000000fb980000,0x0000000100000000)
 ParOldGen       total 531968K, used 500461K [0x00000000c6600000, 0x00000000e6d80000, 0x00000000ecc80000)
  object space 531968K, 94% used [0x00000000c6600000,0x00000000e4ebb580,0x00000000e6d80000)
 PSPermGen       total 26624K, used 14975K [0x00000000bc000000, 0x00000000bda00000, 0x00000000c6600000)
  object space 26624K, 56% used [0x00000000bc000000,0x00000000bce9ff50,0x00000000bda00000)

