# JRE version: OpenJDK Runtime Environment (7.0_65-b32) (build 1.7.0_65-b32)
# Java VM: OpenJDK 64-Bit Server VM (24.65-b04 mixed mode linux-amd64 compressed oops)
Heap
 PSYoungGen      total 33792K, used 1872K [0x00000000ecc80000, 0x00000000eef80000, 0x0000000100000000)
  eden space 31744K, 0% used [0x00000000ecc80000,0x00000000ecc80000,0x00000000eeb80000)
  from space 2048K, 91% used [0x00000000eeb80000,0x00000000eed540a8,0x00000000eed80000)
  to   space 2048K, 0% used [0x00000000eed80000,0x00000000eed80000,0x00000000eef80000)
 ParOldGen       total 38912K, used 24K [0x00000000c6600000, 0x00000000c8c00000, 0x00000000ecc80000)
  object space 38912K, 0% used [0x00000000c6600000,0x00000000c6606000,0x00000000c8c00000)
 PSPermGen       total 21504K, used 13185K [0x00000000bc000000, 0x00000000bd500000, 0x00000000c6600000)
  object space 21504K, 61% used [0x00000000bc000000,0x00000000bcce0420,0x00000000bd500000)
GC Heap History (9 events):
Event: 2.564 GC heap before
{Heap before GC invocations=1 (full 0):
 PSYoungGen      total 17920K, used 15823K [0x00000000ecc80000, 0x00000000ee000000, 0x0000000100000000)
  eden space 15872K, 99% used [0x00000000ecc80000,0x00000000edbf3cc0,0x00000000edc00000)
  from space 2048K, 0% used [0x00000000ede00000,0x00000000ede00000,0x00000000ee000000)
  to   space 2048K, 0% used [0x00000000edc00000,0x00000000edc00000,0x00000000ede00000)
 ParOldGen       total 38912K, used 0K [0x00000000c6600000, 0x00000000c8c00000, 0x00000000ecc80000)
  object space 38912K, 0% used [0x00000000c6600000,0x00000000c6600000,0x00000000c8c00000)
 PSPermGen       total 21504K, used 12959K [0x00000000bc000000, 0x00000000bd500000, 0x00000000c6600000)
  object space 21504K, 60% used [0x00000000bc000000,0x00000000bcca7da0,0x00000000bd500000)
Event: 2.581 GC heap after
Heap after GC invocations=1 (full 0):
 PSYoungGen      total 17920K, used 1682K [0x00000000ecc80000, 0x00000000ee000000, 0x0000000100000000)
  eden space 15872K, 0% used [0x00000000ecc80000,0x00000000ecc80000,0x00000000edc00000)
  from space 2048K, 82% used [0x00000000edc00000,0x00000000edda4890,0x00000000ede00000)
  to   space 2048K, 0% used [0x00000000ede00000,0x00000000ede00000,0x00000000ee000000)
 ParOldGen       total 38912K, used 0K [0x00000000c6600000, 0x00000000c8c00000, 0x00000000ecc80000)
  object space 38912K, 0% used [0x00000000c6600000,0x00000000c6600000,0x00000000c8c00000)
 PSPermGen       total 21504K, used 12959K [0x00000000bc000000, 0x00000000bd500000, 0x00000000c6600000)
  object space 21504K, 60% used [0x00000000bc000000,0x00000000bcca7da0,0x00000000bd500000)
}
Event: 2.593 GC heap before
{Heap before GC invocations=2 (full 0):
 PSYoungGen      total 17920K, used 17480K [0x00000000ecc80000, 0x00000000ee000000, 0x0000000100000000)
  eden space 15872K, 99% used [0x00000000ecc80000,0x00000000edbeda38,0x00000000edc00000)
  from space 2048K, 82% used [0x00000000edc00000,0x00000000edda4890,0x00000000ede00000)
  to   space 2048K, 0% used [0x00000000ede00000,0x00000000ede00000,0x00000000ee000000)
 ParOldGen       total 38912K, used 0K [0x00000000c6600000, 0x00000000c8c00000, 0x00000000ecc80000)
  object space 38912K, 0% used [0x00000000c6600000,0x00000000c6600000,0x00000000c8c00000)
 PSPermGen       total 21504K, used 12992K [0x00000000bc000000, 0x00000000bd500000, 0x00000000c6600000)
  object space 21504K, 60% used [0x00000000bc000000,0x00000000bccb0000,0x00000000bd500000)
Event: 2.646 GC heap after
Heap after GC invocations=2 (full 0):
 PSYoungGen      total 17920K, used 1859K [0x00000000ecc80000, 0x00000000eef80000, 0x0000000100000000)
  eden space 15872K, 0% used [0x00000000ecc80000,0x00000000ecc80000,0x00000000edc00000)
  from space 2048K, 90% used [0x00000000ede00000,0x00000000edfd0d10,0x00000000ee000000)
  to   space 2048K, 0% used [0x00000000edc00000,0x00000000edc00000,0x00000000ede00000)
 ParOldGen       total 38912K, used 8K [0x00000000c6600000, 0x00000000c8c00000, 0x00000000ecc80000)
  object space 38912K, 0% used [0x00000000c6600000,0x00000000c6602000,0x00000000c8c00000)
 PSPermGen       total 21504K, used 12992K [0x00000000bc000000, 0x00000000bd500000, 0x00000000c6600000)
  object space 21504K, 60% used [0x00000000bc000000,0x00000000bccb0000,0x00000000bd500000)
}
Event: 2.671 GC heap before
{Heap before GC invocations=3 (full 0):
 PSYoungGen      total 17920K, used 17731K [0x00000000ecc80000, 0x00000000eef80000, 0x0000000100000000)
  eden space 15872K, 99% used [0x00000000ecc80000,0x00000000edbfffd0,0x00000000edc00000)
  from space 2048K, 90% used [0x00000000ede00000,0x00000000edfd0d10,0x00000000ee000000)
  to   space 2048K, 0% used [0x00000000edc00000,0x00000000edc00000,0x00000000ede00000)
 ParOldGen       total 38912K, used 8K [0x00000000c6600000, 0x00000000c8c00000, 0x00000000ecc80000)
  object space 38912K, 0% used [0x00000000c6600000,0x00000000c6602000,0x00000000c8c00000)
 PSPermGen       total 21504K, used 12992K [0x00000000bc000000, 0x00000000bd500000, 0x00000000c6600000)
  object space 21504K, 60% used [0x00000000bc000000,0x00000000bccb0000,0x00000000bd500000)
Event: 2.687 GC heap after
Heap after GC invocations=3 (full 0):
 PSYoungGen      total 17920K, used 1971K [0x00000000ecc80000, 0x00000000eef80000, 0x0000000100000000)
  eden space 15872K, 0% used [0x00000000ecc80000,0x00000000ecc80000,0x00000000edc00000)
  from space 2048K, 96% used [0x00000000edc00000,0x00000000eddecde8,0x00000000ede00000)
  to   space 2048K, 0% used [0x00000000eed80000,0x00000000eed80000,0x00000000eef80000)
 ParOldGen       total 38912K, used 16K [0x00000000c6600000, 0x00000000c8c00000, 0x00000000ecc80000)
  object space 38912K, 0% used [0x00000000c6600000,0x00000000c6604000,0x00000000c8c00000)
 PSPermGen       total 21504K, used 12992K [0x00000000bc000000, 0x00000000bd500000, 0x00000000c6600000)
  object space 21504K, 60% used [0x00000000bc000000,0x00000000bccb0000,0x00000000bd500000)
}
Event: 2.712 GC heap before
{Heap before GC invocations=4 (full 0):
 PSYoungGen      total 17920K, used 17752K [0x00000000ecc80000, 0x00000000eef80000, 0x0000000100000000)
  eden space 15872K, 99% used [0x00000000ecc80000,0x00000000edbe9358,0x00000000edc00000)
  from space 2048K, 96% used [0x00000000edc00000,0x00000000eddecde8,0x00000000ede00000)
  to   space 2048K, 0% used [0x00000000eed80000,0x00000000eed80000,0x00000000eef80000)
 ParOldGen       total 38912K, used 16K [0x00000000c6600000, 0x00000000c8c00000, 0x00000000ecc80000)
  object space 38912K, 0% used [0x00000000c6600000,0x00000000c6604000,0x00000000c8c00000)
 PSPermGen       total 21504K, used 13011K [0x00000000bc000000, 0x00000000bd500000, 0x00000000c6600000)
  object space 21504K, 60% used [0x00000000bc000000,0x00000000bccb4e20,0x00000000bd500000)
Event: 2.722 GC heap after
Heap after GC invocations=4 (full 0):
 PSYoungGen      total 33792K, used 2038K [0x00000000ecc80000, 0x00000000eef80000, 0x0000000100000000)
  eden space 31744K, 0% used [0x00000000ecc80000,0x00000000ecc80000,0x00000000eeb80000)
  from space 2048K, 99% used [0x00000000eed80000,0x00000000eef7d9b0,0x00000000eef80000)
  to   space 2048K, 0% used [0x00000000eeb80000,0x00000000eeb80000,0x00000000eed80000)
 ParOldGen       total 38912K, used 24K [0x00000000c6600000, 0x00000000c8c00000, 0x00000000ecc80000)
  object space 38912K, 0% used [0x00000000c6600000,0x00000000c6606000,0x00000000c8c00000)
 PSPermGen       total 21504K, used 13011K [0x00000000bc000000, 0x00000000bd500000, 0x00000000c6600000)
  object space 21504K, 60% used [0x00000000bc000000,0x00000000bccb4e20,0x00000000bd500000)
}
Event: 2.780 GC heap before
{Heap before GC invocations=5 (full 0):
 PSYoungGen      total 33792K, used 33713K [0x00000000ecc80000, 0x00000000eef80000, 0x0000000100000000)
  eden space 31744K, 99% used [0x00000000ecc80000,0x00000000eeb6ec90,0x00000000eeb80000)
  from space 2048K, 99% used [0x00000000eed80000,0x00000000eef7d9b0,0x00000000eef80000)
  to   space 2048K, 0% used [0x00000000eeb80000,0x00000000eeb80000,0x00000000eed80000)
 ParOldGen       total 38912K, used 24K [0x00000000c6600000, 0x00000000c8c00000, 0x00000000ecc80000)
  object space 38912K, 0% used [0x00000000c6600000,0x00000000c6606000,0x00000000c8c00000)
 PSPermGen       total 21504K, used 13185K [0x00000000bc000000, 0x00000000bd500000, 0x00000000c6600000)
  object space 21504K, 61% used [0x00000000bc000000,0x00000000bcce0420,0x00000000bd500000)

