# JRE version: OpenJDK Runtime Environment (7.0_65-b32) (build 1.7.0_65-b32)
# Java VM: OpenJDK 64-Bit Server VM (24.65-b04 mixed mode linux-amd64 compressed oops)
Heap
 PSYoungGen      total 290816K, used 272748K [0x00000000ecc80000, 0x0000000100000000, 0x0000000100000000)
  eden space 268288K, 99% used [0x00000000ecc80000,0x00000000fd1eda28,0x00000000fd280000)
  from space 22528K, 22% used [0x00000000fe900000,0x00000000feded710,0x00000000fff00000)
  to   space 23040K, 0% used [0x00000000fd280000,0x00000000fd280000,0x00000000fe900000)
 ParOldGen       total 619008K, used 618502K [0x00000000c6600000, 0x00000000ec280000, 0x00000000ecc80000)
  object space 619008K, 99% used [0x00000000c6600000,0x00000000ec201938,0x00000000ec280000)
 PSPermGen       total 25600K, used 14333K [0x00000000bc000000, 0x00000000bd900000, 0x00000000c6600000)
  object space 25600K, 55% used [0x00000000bc000000,0x00000000bcdff590,0x00000000bd900000)
GC Heap History (10 events):
Event: 30.322 GC heap before
{Heap before GC invocations=233 (full 7):
 PSYoungGen      total 291840K, used 279774K [0x00000000ecc80000, 0x0000000100000000, 0x0000000100000000)
  eden space 268800K, 98% used [0x00000000ecc80000,0x00000000fcf44528,0x00000000fd300000)
  from space 23040K, 64% used [0x00000000fd300000,0x00000000fe173630,0x00000000fe980000)
  to   space 23040K, 0% used [0x00000000fe980000,0x00000000fe980000,0x0000000100000000)
 ParOldGen       total 434688K, used 429931K [0x00000000c6600000, 0x00000000e0e80000, 0x00000000ecc80000)
  object space 434688K, 98% used [0x00000000c6600000,0x00000000e09daca8,0x00000000e0e80000)
 PSPermGen       total 25600K, used 14332K [0x00000000bc000000, 0x00000000bd900000, 0x00000000c6600000)
  object space 25600K, 55% used [0x00000000bc000000,0x00000000bcdff2c8,0x00000000bd900000)
Event: 30.338 GC heap after
Heap after GC invocations=233 (full 7):
 PSYoungGen      total 291840K, used 14827K [0x00000000ecc80000, 0x0000000100000000, 0x0000000100000000)
  eden space 268800K, 0% used [0x00000000ecc80000,0x00000000ecc80000,0x00000000fd300000)
  from space 23040K, 64% used [0x00000000fe980000,0x00000000ff7fae78,0x0000000100000000)
  to   space 23040K, 0% used [0x00000000fd300000,0x00000000fd300000,0x00000000fe980000)
 ParOldGen       total 434688K, used 429931K [0x00000000c6600000, 0x00000000e0e80000, 0x00000000ecc80000)
  object space 434688K, 98% used [0x00000000c6600000,0x00000000e09daca8,0x00000000e0e80000)
 PSPermGen       total 25600K, used 14332K [0x00000000bc000000, 0x00000000bd900000, 0x00000000c6600000)
  object space 25600K, 55% used [0x00000000bc000000,0x00000000bcdff2c8,0x00000000bd900000)
}
Event: 30.475 GC heap before
{Heap before GC invocations=234 (full 7):
 PSYoungGen      total 291840K, used 280337K [0x00000000ecc80000, 0x0000000100000000, 0x0000000100000000)
  eden space 268800K, 98% used [0x00000000ecc80000,0x00000000fcfc9620,0x00000000fd300000)
  from space 23040K, 64% used [0x00000000fe980000,0x00000000ff7fae78,0x0000000100000000)
  to   space 23040K, 0% used [0x00000000fd300000,0x00000000fd300000,0x00000000fe980000)
 ParOldGen       total 434688K, used 429931K [0x00000000c6600000, 0x00000000e0e80000, 0x00000000ecc80000)
  object space 434688K, 98% used [0x00000000c6600000,0x00000000e09daca8,0x00000000e0e80000)
 PSPermGen       total 25600K, used 14332K [0x00000000bc000000, 0x00000000bd900000, 0x00000000c6600000)
  object space 25600K, 55% used [0x00000000bc000000,0x00000000bcdff2c8,0x00000000bd900000)
Event: 30.485 GC heap after
Heap after GC invocations=234 (full 7):
 PSYoungGen      total 291840K, used 14856K [0x00000000ecc80000, 0x0000000100000000, 0x0000000100000000)
  eden space 268800K, 0% used [0x00000000ecc80000,0x00000000ecc80000,0x00000000fd300000)
  from space 23040K, 64% used [0x00000000fd300000,0x00000000fe182270,0x00000000fe980000)
  to   space 23040K, 0% used [0x00000000fe980000,0x00000000fe980000,0x0000000100000000)
 ParOldGen       total 434688K, used 429931K [0x00000000c6600000, 0x00000000e0e80000, 0x00000000ecc80000)
  object space 434688K, 98% used [0x00000000c6600000,0x00000000e09daca8,0x00000000e0e80000)
 PSPermGen       total 25600K, used 14332K [0x00000000bc000000, 0x00000000bd900000, 0x00000000c6600000)
  object space 25600K, 55% used [0x00000000bc000000,0x00000000bcdff2c8,0x00000000bd900000)
}
Event: 30.589 GC heap before
{Heap before GC invocations=235 (full 7):
 PSYoungGen      total 291840K, used 280888K [0x00000000ecc80000, 0x0000000100000000, 0x0000000100000000)
  eden space 268800K, 98% used [0x00000000ecc80000,0x00000000fd04c018,0x00000000fd300000)
  from space 23040K, 64% used [0x00000000fd300000,0x00000000fe182270,0x00000000fe980000)
  to   space 23040K, 0% used [0x00000000fe980000,0x00000000fe980000,0x0000000100000000)
 ParOldGen       total 434688K, used 429931K [0x00000000c6600000, 0x00000000e0e80000, 0x00000000ecc80000)
  object space 434688K, 98% used [0x00000000c6600000,0x00000000e09daca8,0x00000000e0e80000)
 PSPermGen       total 25600K, used 14332K [0x00000000bc000000, 0x00000000bd900000, 0x00000000c6600000)
  object space 25600K, 55% used [0x00000000bc000000,0x00000000bcdff2c8,0x00000000bd900000)
Event: 30.597 GC heap after
Heap after GC invocations=235 (full 7):
 PSYoungGen      total 291840K, used 14918K [0x00000000ecc80000, 0x0000000100000000, 0x0000000100000000)
  eden space 268800K, 0% used [0x00000000ecc80000,0x00000000ecc80000,0x00000000fd300000)
  from space 23040K, 64% used [0x00000000fe980000,0x00000000ff811b60,0x0000000100000000)
  to   space 23040K, 0% used [0x00000000fd300000,0x00000000fd300000,0x00000000fe980000)
 ParOldGen       total 434688K, used 429931K [0x00000000c6600000, 0x00000000e0e80000, 0x00000000ecc80000)
  object space 434688K, 98% used [0x00000000c6600000,0x00000000e09daca8,0x00000000e0e80000)
 PSPermGen       total 25600K, used 14332K [0x00000000bc000000, 0x00000000bd900000, 0x00000000c6600000)
  object space 25600K, 55% used [0x00000000bc000000,0x00000000bcdff2c8,0x00000000bd900000)
}
Event: 30.714 GC heap before
{Heap before GC invocations=236 (full 7):
 PSYoungGen      total 291840K, used 281486K [0x00000000ecc80000, 0x0000000100000000, 0x0000000100000000)
  eden space 268800K, 99% used [0x00000000ecc80000,0x00000000fd0d1e50,0x00000000fd300000)
  from space 23040K, 64% used [0x00000000fe980000,0x00000000ff811b60,0x0000000100000000)
  to   space 23040K, 0% used [0x00000000fd300000,0x00000000fd300000,0x00000000fe980000)
 ParOldGen       total 434688K, used 429931K [0x00000000c6600000, 0x00000000e0e80000, 0x00000000ecc80000)
  object space 434688K, 98% used [0x00000000c6600000,0x00000000e09daca8,0x00000000e0e80000)
 PSPermGen       total 25600K, used 14332K [0x00000000bc000000, 0x00000000bd900000, 0x00000000c6600000)
  object space 25600K, 55% used [0x00000000bc000000,0x00000000bcdff2c8,0x00000000bd900000)
Event: 30.728 GC heap after
Heap after GC invocations=236 (full 7):
 PSYoungGen      total 284160K, used 14914K [0x00000000ecc80000, 0x00000000fff00000, 0x0000000100000000)
  eden space 268800K, 0% used [0x00000000ecc80000,0x00000000ecc80000,0x00000000fd300000)
  from space 15360K, 97% used [0x00000000fd300000,0x00000000fe190b88,0x00000000fe200000)
  to   space 22528K, 0% used [0x00000000fe900000,0x00000000fe900000,0x00000000fff00000)
 ParOldGen       total 434688K, used 429931K [0x00000000c6600000, 0x00000000e0e80000, 0x00000000ecc80000)
  object space 434688K, 98% used [0x00000000c6600000,0x00000000e09daca8,0x00000000e0e80000)
 PSPermGen       total 25600K, used 14332K [0x00000000bc000000, 0x00000000bd900000, 0x00000000c6600000)
  object space 25600K, 55% used [0x00000000bc000000,0x00000000bcdff2c8,0x00000000bd900000)
}
Event: 30.868 GC heap before
{Heap before GC invocations=237 (full 7):
 PSYoungGen      total 284160K, used 282004K [0x00000000ecc80000, 0x00000000fff00000, 0x0000000100000000)
  eden space 268800K, 99% used [0x00000000ecc80000,0x00000000fd154478,0x00000000fd300000)
  from space 15360K, 97% used [0x00000000fd300000,0x00000000fe190b88,0x00000000fe200000)
  to   space 22528K, 0% used [0x00000000fe900000,0x00000000fe900000,0x00000000fff00000)
 ParOldGen       total 444928K, used 439830K [0x00000000c6600000, 0x00000000e1880000, 0x00000000ecc80000)
  object space 444928K, 98% used [0x00000000c6600000,0x00000000e1385ab8,0x00000000e1880000)
 PSPermGen       total 25600K, used 14332K [0x00000000bc000000, 0x00000000bd900000, 0x00000000c6600000)
  object space 25600K, 55% used [0x00000000bc000000,0x00000000bcdff2c8,0x00000000bd900000)
Event: 30.877 GC heap after
Heap after GC invocations=237 (full 7):
 PSYoungGen      total 290816K, used 5045K [0x00000000ecc80000, 0x0000000100000000, 0x0000000100000000)
  eden space 268288K, 0% used [0x00000000ecc80000,0x00000000ecc80000,0x00000000fd280000)
  from space 22528K, 22% used [0x00000000fe900000,0x00000000feded710,0x00000000fff00000)
  to   space 23040K, 0% used [0x00000000fd280000,0x00000000fd280000,0x00000000fe900000)
 ParOldGen       total 444928K, used 439830K [0x00000000c6600000, 0x00000000e1880000, 0x00000000ecc80000)
  object space 444928K, 98% used [0x00000000c6600000,0x00000000e1385ab8,0x00000000e1880000)
 PSPermGen       total 25600K, used 14332K [0x00000000bc000000, 0x00000000bd900000, 0x00000000c6600000)
  object space 25600K, 55% used [0x00000000bc000000,0x00000000bcdff2c8,0x00000000bd900000)
}

