# JRE version: OpenJDK Runtime Environment (7.0_65-b32) (build 1.7.0_65-b32)
# Java VM: OpenJDK 64-Bit Server VM (24.65-b04 mixed mode linux-amd64 compressed oops)
Heap
 PSYoungGen      total 206336K, used 1149K [0x00000000ecc80000, 0x00000000f9900000, 0x0000000100000000)
  eden space 203264K, 0% used [0x00000000ecc80000,0x00000000ecc80000,0x00000000f9300000)
  from space 3072K, 37% used [0x00000000f9300000,0x00000000f941f4f8,0x00000000f9600000)
  to   space 3072K, 0% used [0x00000000f9600000,0x00000000f9600000,0x00000000f9900000)
 ParOldGen       total 38912K, used 4040K [0x00000000c6600000, 0x00000000c8c00000, 0x00000000ecc80000)
  object space 38912K, 10% used [0x00000000c6600000,0x00000000c69f23e8,0x00000000c8c00000)
 PSPermGen       total 21504K, used 13341K [0x00000000bc000000, 0x00000000bd500000, 0x00000000c6600000)
  object space 21504K, 62% used [0x00000000bc000000,0x00000000bcd076e0,0x00000000bd500000)
GC Heap History (10 events):
Event: 1.498 GC heap after
Heap after GC invocations=6 (full 0):
 PSYoungGen      total 66048K, used 2300K [0x00000000ecc80000, 0x00000000f0f80000, 0x0000000100000000)
  eden space 63488K, 0% used [0x00000000ecc80000,0x00000000ecc80000,0x00000000f0a80000)
  from space 2560K, 89% used [0x00000000f0d00000,0x00000000f0f3f340,0x00000000f0f80000)
  to   space 2560K, 0% used [0x00000000f0a80000,0x00000000f0a80000,0x00000000f0d00000)
 ParOldGen       total 38912K, used 74K [0x00000000c6600000, 0x00000000c8c00000, 0x00000000ecc80000)
  object space 38912K, 0% used [0x00000000c6600000,0x00000000c6612820,0x00000000c8c00000)
 PSPermGen       total 21504K, used 13187K [0x00000000bc000000, 0x00000000bd500000, 0x00000000c6600000)
  object space 21504K, 61% used [0x00000000bc000000,0x00000000bcce0c18,0x00000000bd500000)
}
Event: 1.531 GC heap before
{Heap before GC invocations=7 (full 0):
 PSYoungGen      total 66048K, used 65683K [0x00000000ecc80000, 0x00000000f0f80000, 0x0000000100000000)
  eden space 63488K, 99% used [0x00000000ecc80000,0x00000000f0a65ab0,0x00000000f0a80000)
  from space 2560K, 89% used [0x00000000f0d00000,0x00000000f0f3f340,0x00000000f0f80000)
  to   space 2560K, 0% used [0x00000000f0a80000,0x00000000f0a80000,0x00000000f0d00000)
 ParOldGen       total 38912K, used 74K [0x00000000c6600000, 0x00000000c8c00000, 0x00000000ecc80000)
  object space 38912K, 0% used [0x00000000c6600000,0x00000000c6612820,0x00000000c8c00000)
 PSPermGen       total 21504K, used 13198K [0x00000000bc000000, 0x00000000bd500000, 0x00000000c6600000)
  object space 21504K, 61% used [0x00000000bc000000,0x00000000bcce3a40,0x00000000bd500000)
Event: 1.538 GC heap after
Heap after GC invocations=7 (full 0):
 PSYoungGen      total 66048K, used 2232K [0x00000000ecc80000, 0x00000000f4d80000, 0x0000000100000000)
  eden space 63488K, 0% used [0x00000000ecc80000,0x00000000ecc80000,0x00000000f0a80000)
  from space 2560K, 87% used [0x00000000f0a80000,0x00000000f0cae0b8,0x00000000f0d00000)
  to   space 2560K, 0% used [0x00000000f4b00000,0x00000000f4b00000,0x00000000f4d80000)
 ParOldGen       total 38912K, used 1568K [0x00000000c6600000, 0x00000000c8c00000, 0x00000000ecc80000)
  object space 38912K, 4% used [0x00000000c6600000,0x00000000c6788250,0x00000000c8c00000)
 PSPermGen       total 21504K, used 13198K [0x00000000bc000000, 0x00000000bd500000, 0x00000000c6600000)
  object space 21504K, 61% used [0x00000000bc000000,0x00000000bcce3a40,0x00000000bd500000)
}
Event: 1.569 GC heap before
{Heap before GC invocations=8 (full 0):
 PSYoungGen      total 66048K, used 65519K [0x00000000ecc80000, 0x00000000f4d80000, 0x0000000100000000)
  eden space 63488K, 99% used [0x00000000ecc80000,0x00000000f0a4dd48,0x00000000f0a80000)
  from space 2560K, 87% used [0x00000000f0a80000,0x00000000f0cae0b8,0x00000000f0d00000)
  to   space 2560K, 0% used [0x00000000f4b00000,0x00000000f4b00000,0x00000000f4d80000)
 ParOldGen       total 38912K, used 1568K [0x00000000c6600000, 0x00000000c8c00000, 0x00000000ecc80000)
  object space 38912K, 4% used [0x00000000c6600000,0x00000000c6788250,0x00000000c8c00000)
 PSPermGen       total 21504K, used 13213K [0x00000000bc000000, 0x00000000bd500000, 0x00000000c6600000)
  object space 21504K, 61% used [0x00000000bc000000,0x00000000bcce77e0,0x00000000bd500000)
Event: 1.572 GC heap after
Heap after GC invocations=8 (full 0):
 PSYoungGen      total 129536K, used 2191K [0x00000000ecc80000, 0x00000000f4d80000, 0x0000000100000000)
  eden space 126976K, 0% used [0x00000000ecc80000,0x00000000ecc80000,0x00000000f4880000)
  from space 2560K, 85% used [0x00000000f4b00000,0x00000000f4d23e50,0x00000000f4d80000)
  to   space 2560K, 0% used [0x00000000f4880000,0x00000000f4880000,0x00000000f4b00000)
 ParOldGen       total 38912K, used 2203K [0x00000000c6600000, 0x00000000c8c00000, 0x00000000ecc80000)
  object space 38912K, 5% used [0x00000000c6600000,0x00000000c6826eb0,0x00000000c8c00000)
 PSPermGen       total 21504K, used 13213K [0x00000000bc000000, 0x00000000bd500000, 0x00000000c6600000)
  object space 21504K, 61% used [0x00000000bc000000,0x00000000bcce77e0,0x00000000bd500000)
}
Event: 1.630 GC heap before
{Heap before GC invocations=9 (full 0):
 PSYoungGen      total 129536K, used 128935K [0x00000000ecc80000, 0x00000000f4d80000, 0x0000000100000000)
  eden space 126976K, 99% used [0x00000000ecc80000,0x00000000f4845e28,0x00000000f4880000)
  from space 2560K, 85% used [0x00000000f4b00000,0x00000000f4d23e50,0x00000000f4d80000)
  to   space 2560K, 0% used [0x00000000f4880000,0x00000000f4880000,0x00000000f4b00000)
 ParOldGen       total 38912K, used 2203K [0x00000000c6600000, 0x00000000c8c00000, 0x00000000ecc80000)
  object space 38912K, 5% used [0x00000000c6600000,0x00000000c6826eb0,0x00000000c8c00000)
 PSPermGen       total 21504K, used 13295K [0x00000000bc000000, 0x00000000bd500000, 0x00000000c6600000)
  object space 21504K, 61% used [0x00000000bc000000,0x00000000bccfbe90,0x00000000bd500000)
Event: 1.632 GC heap after
Heap after GC invocations=9 (full 0):
 PSYoungGen      total 129536K, used 2412K [0x00000000ecc80000, 0x00000000f9900000, 0x0000000100000000)
  eden space 126976K, 0% used [0x00000000ecc80000,0x00000000ecc80000,0x00000000f4880000)
  from space 2560K, 94% used [0x00000000f4880000,0x00000000f4adb280,0x00000000f4b00000)
  to   space 3072K, 0% used [0x00000000f9600000,0x00000000f9600000,0x00000000f9900000)
 ParOldGen       total 38912K, used 2287K [0x00000000c6600000, 0x00000000c8c00000, 0x00000000ecc80000)
  object space 38912K, 5% used [0x00000000c6600000,0x00000000c683bcc0,0x00000000c8c00000)
 PSPermGen       total 21504K, used 13295K [0x00000000bc000000, 0x00000000bd500000, 0x00000000c6600000)
  object space 21504K, 61% used [0x00000000bc000000,0x00000000bccfbe90,0x00000000bd500000)
}
Event: 1.672 GC heap before
{Heap before GC invocations=10 (full 0):
 PSYoungGen      total 129536K, used 129232K [0x00000000ecc80000, 0x00000000f9900000, 0x0000000100000000)
  eden space 126976K, 99% used [0x00000000ecc80000,0x00000000f4859060,0x00000000f4880000)
  from space 2560K, 94% used [0x00000000f4880000,0x00000000f4adb280,0x00000000f4b00000)
  to   space 3072K, 0% used [0x00000000f9600000,0x00000000f9600000,0x00000000f9900000)
 ParOldGen       total 38912K, used 2287K [0x00000000c6600000, 0x00000000c8c00000, 0x00000000ecc80000)
  object space 38912K, 5% used [0x00000000c6600000,0x00000000c683bcc0,0x00000000c8c00000)
 PSPermGen       total 21504K, used 13295K [0x00000000bc000000, 0x00000000bd500000, 0x00000000c6600000)
  object space 21504K, 61% used [0x00000000bc000000,0x00000000bccfbe90,0x00000000bd500000)
Event: 1.675 GC heap after
Heap after GC invocations=10 (full 0):
 PSYoungGen      total 206336K, used 1341K [0x00000000ecc80000, 0x00000000f9900000, 0x0000000100000000)
  eden space 203264K, 0% used [0x00000000ecc80000,0x00000000ecc80000,0x00000000f9300000)
  from space 3072K, 43% used [0x00000000f9600000,0x00000000f974f5d0,0x00000000f9900000)
  to   space 3072K, 0% used [0x00000000f9300000,0x00000000f9300000,0x00000000f9600000)
 ParOldGen       total 38912K, used 3013K [0x00000000c6600000, 0x00000000c8c00000, 0x00000000ecc80000)
  object space 38912K, 7% used [0x00000000c6600000,0x00000000c68f15e8,0x00000000c8c00000)
 PSPermGen       total 21504K, used 13295K [0x00000000bc000000, 0x00000000bd500000, 0x00000000c6600000)
  object space 21504K, 61% used [0x00000000bc000000,0x00000000bccfbe90,0x00000000bd500000)
}
Event: 1.780 GC heap before
{Heap before GC invocations=11 (full 0):
 PSYoungGen      total 206336K, used 204442K [0x00000000ecc80000, 0x00000000f9900000, 0x0000000100000000)
  eden space 203264K, 99% used [0x00000000ecc80000,0x00000000f92d7318,0x00000000f9300000)
  from space 3072K, 43% used [0x00000000f9600000,0x00000000f974f5d0,0x00000000f9900000)
  to   space 3072K, 0% used [0x00000000f9300000,0x00000000f9300000,0x00000000f9600000)
 ParOldGen       total 38912K, used 4024K [0x00000000c6600000, 0x00000000c8c00000, 0x00000000ecc80000)
  object space 38912K, 10% used [0x00000000c6600000,0x00000000c69ee3e8,0x00000000c8c00000)
 PSPermGen       total 21504K, used 13341K [0x00000000bc000000, 0x00000000bd500000, 0x00000000c6600000)
  object space 21504K, 62% used [0x00000000bc000000,0x00000000bcd076e0,0x00000000bd500000)

