# JRE version: OpenJDK Runtime Environment (7.0_65-b32) (build 1.7.0_65-b32)
# Java VM: OpenJDK 64-Bit Server VM (24.65-b04 mixed mode linux-amd64 compressed oops)
Heap
 PSYoungGen      total 269824K, used 252297K [0x00000000ecc80000, 0x0000000100000000, 0x0000000100000000)
  eden space 251392K, 100% used [0x00000000ecc80000,0x00000000fc200000,0x00000000fc200000)
  from space 18432K, 4% used [0x00000000fc200000,0x00000000fc2e25a0,0x00000000fd400000)
  to   space 17920K, 0% used [0x00000000fee80000,0x00000000fee80000,0x0000000100000000)
 ParOldGen       total 102912K, used 102836K [0x00000000c6600000, 0x00000000cca80000, 0x00000000ecc80000)
  object space 102912K, 99% used [0x00000000c6600000,0x00000000cca6d278,0x00000000cca80000)
 PSPermGen       total 27648K, used 13782K [0x00000000bc000000, 0x00000000bdb00000, 0x00000000c6600000)
  object space 27648K, 49% used [0x00000000bc000000,0x00000000bcd75a60,0x00000000bdb00000)
GC Heap History (10 events):
Event: 3.709 GC heap before
{Heap before GC invocations=14 (full 1):
 PSYoungGen      total 171520K, used 153283K [0x00000000ecc80000, 0x00000000f8c80000, 0x0000000100000000)
  eden space 152576K, 99% used [0x00000000ecc80000,0x00000000f60c9cb0,0x00000000f6180000)
  from space 18944K, 7% used [0x00000000f7a00000,0x00000000f7b67218,0x00000000f8c80000)
  to   space 22016K, 0% used [0x00000000f6180000,0x00000000f6180000,0x00000000f7700000)
 ParOldGen       total 74240K, used 54353K [0x00000000c6600000, 0x00000000cae80000, 0x00000000ecc80000)
  object space 74240K, 73% used [0x00000000c6600000,0x00000000c9b14658,0x00000000cae80000)
 PSPermGen       total 27648K, used 13781K [0x00000000bc000000, 0x00000000bdb00000, 0x00000000c6600000)
  object space 27648K, 49% used [0x00000000bc000000,0x00000000bcd757e8,0x00000000bdb00000)
Event: 3.718 GC heap after
Heap after GC invocations=14 (full 1):
 PSYoungGen      total 174592K, used 1671K [0x00000000ecc80000, 0x00000000fba80000, 0x0000000100000000)
  eden space 152576K, 0% used [0x00000000ecc80000,0x00000000ecc80000,0x00000000f6180000)
  from space 22016K, 7% used [0x00000000f6180000,0x00000000f6321da0,0x00000000f7700000)
  to   space 20992K, 0% used [0x00000000fa600000,0x00000000fa600000,0x00000000fba80000)
 ParOldGen       total 74240K, used 54353K [0x00000000c6600000, 0x00000000cae80000, 0x00000000ecc80000)
  object space 74240K, 73% used [0x00000000c6600000,0x00000000c9b14658,0x00000000cae80000)
 PSPermGen       total 27648K, used 13781K [0x00000000bc000000, 0x00000000bdb00000, 0x00000000c6600000)
  object space 27648K, 49% used [0x00000000bc000000,0x00000000bcd757e8,0x00000000bdb00000)
}
Event: 3.769 GC heap before
{Heap before GC invocations=15 (full 1):
 PSYoungGen      total 174592K, used 154088K [0x00000000ecc80000, 0x00000000fba80000, 0x0000000100000000)
  eden space 152576K, 99% used [0x00000000ecc80000,0x00000000f6158560,0x00000000f6180000)
  from space 22016K, 7% used [0x00000000f6180000,0x00000000f6321da0,0x00000000f7700000)
  to   space 20992K, 0% used [0x00000000fa600000,0x00000000fa600000,0x00000000fba80000)
 ParOldGen       total 74240K, used 54353K [0x00000000c6600000, 0x00000000cae80000, 0x00000000ecc80000)
  object space 74240K, 73% used [0x00000000c6600000,0x00000000c9b14658,0x00000000cae80000)
 PSPermGen       total 27648K, used 13781K [0x00000000bc000000, 0x00000000bdb00000, 0x00000000c6600000)
  object space 27648K, 49% used [0x00000000bc000000,0x00000000bcd757e8,0x00000000bdb00000)
Event: 3.777 GC heap after
Heap after GC invocations=15 (full 1):
 PSYoungGen      total 218624K, used 1855K [0x00000000ecc80000, 0x00000000fb800000, 0x0000000100000000)
  eden space 200192K, 0% used [0x00000000ecc80000,0x00000000ecc80000,0x00000000f9000000)
  from space 18432K, 10% used [0x00000000fa600000,0x00000000fa7cfee8,0x00000000fb800000)
  to   space 20480K, 0% used [0x00000000f9000000,0x00000000f9000000,0x00000000fa400000)
 ParOldGen       total 74240K, used 54369K [0x00000000c6600000, 0x00000000cae80000, 0x00000000ecc80000)
  object space 74240K, 73% used [0x00000000c6600000,0x00000000c9b18658,0x00000000cae80000)
 PSPermGen       total 27648K, used 13781K [0x00000000bc000000, 0x00000000bdb00000, 0x00000000c6600000)
  object space 27648K, 49% used [0x00000000bc000000,0x00000000bcd757e8,0x00000000bdb00000)
}
Event: 3.864 GC heap before
{Heap before GC invocations=16 (full 1):
 PSYoungGen      total 218624K, used 201151K [0x00000000ecc80000, 0x00000000fb800000, 0x0000000100000000)
  eden space 200192K, 99% used [0x00000000ecc80000,0x00000000f8f1fd48,0x00000000f9000000)
  from space 18432K, 10% used [0x00000000fa600000,0x00000000fa7cfee8,0x00000000fb800000)
  to   space 20480K, 0% used [0x00000000f9000000,0x00000000f9000000,0x00000000fa400000)
 ParOldGen       total 74240K, used 54369K [0x00000000c6600000, 0x00000000cae80000, 0x00000000ecc80000)
  object space 74240K, 73% used [0x00000000c6600000,0x00000000c9b18658,0x00000000cae80000)
 PSPermGen       total 27648K, used 13781K [0x00000000bc000000, 0x00000000bdb00000, 0x00000000c6600000)
  object space 27648K, 49% used [0x00000000bc000000,0x00000000bcd757e8,0x00000000bdb00000)
Event: 3.868 GC heap after
Heap after GC invocations=16 (full 1):
 PSYoungGen      total 220672K, used 1348K [0x00000000ecc80000, 0x00000000fed00000, 0x0000000100000000)
  eden space 200192K, 0% used [0x00000000ecc80000,0x00000000ecc80000,0x00000000f9000000)
  from space 20480K, 6% used [0x00000000f9000000,0x00000000f91512f0,0x00000000fa400000)
  to   space 19456K, 0% used [0x00000000fda00000,0x00000000fda00000,0x00000000fed00000)
 ParOldGen       total 74240K, used 54369K [0x00000000c6600000, 0x00000000cae80000, 0x00000000ecc80000)
  object space 74240K, 73% used [0x00000000c6600000,0x00000000c9b18658,0x00000000cae80000)
 PSPermGen       total 27648K, used 13781K [0x00000000bc000000, 0x00000000bdb00000, 0x00000000c6600000)
  object space 27648K, 49% used [0x00000000bc000000,0x00000000bcd757e8,0x00000000bdb00000)
}
Event: 3.932 GC heap before
{Heap before GC invocations=17 (full 1):
 PSYoungGen      total 220672K, used 200207K [0x00000000ecc80000, 0x00000000fed00000, 0x0000000100000000)
  eden space 200192K, 99% used [0x00000000ecc80000,0x00000000f8eb2a00,0x00000000f9000000)
  from space 20480K, 6% used [0x00000000f9000000,0x00000000f91512f0,0x00000000fa400000)
  to   space 19456K, 0% used [0x00000000fda00000,0x00000000fda00000,0x00000000fed00000)
 ParOldGen       total 74240K, used 54369K [0x00000000c6600000, 0x00000000cae80000, 0x00000000ecc80000)
  object space 74240K, 73% used [0x00000000c6600000,0x00000000c9b18658,0x00000000cae80000)
 PSPermGen       total 27648K, used 13781K [0x00000000bc000000, 0x00000000bdb00000, 0x00000000c6600000)
  object space 27648K, 49% used [0x00000000bc000000,0x00000000bcd757e8,0x00000000bdb00000)
Event: 3.935 GC heap after
Heap after GC invocations=17 (full 1):
 PSYoungGen      total 263680K, used 2171K [0x00000000ecc80000, 0x00000000fe600000, 0x0000000100000000)
  eden space 251392K, 0% used [0x00000000ecc80000,0x00000000ecc80000,0x00000000fc200000)
  from space 12288K, 17% used [0x00000000fda00000,0x00000000fdc1eff0,0x00000000fe600000)
  to   space 18432K, 0% used [0x00000000fc200000,0x00000000fc200000,0x00000000fd400000)
 ParOldGen       total 74240K, used 54369K [0x00000000c6600000, 0x00000000cae80000, 0x00000000ecc80000)
  object space 74240K, 73% used [0x00000000c6600000,0x00000000c9b18658,0x00000000cae80000)
 PSPermGen       total 27648K, used 13781K [0x00000000bc000000, 0x00000000bdb00000, 0x00000000c6600000)
  object space 27648K, 49% used [0x00000000bc000000,0x00000000bcd757e8,0x00000000bdb00000)
}
Event: 4.310 GC heap before
{Heap before GC invocations=18 (full 1):
 PSYoungGen      total 263680K, used 253502K [0x00000000ecc80000, 0x00000000fe600000, 0x0000000100000000)
  eden space 251392K, 99% used [0x00000000ecc80000,0x00000000fc1f0ad0,0x00000000fc200000)
  from space 12288K, 17% used [0x00000000fda00000,0x00000000fdc1eff0,0x00000000fe600000)
  to   space 18432K, 0% used [0x00000000fc200000,0x00000000fc200000,0x00000000fd400000)
 ParOldGen       total 74240K, used 55860K [0x00000000c6600000, 0x00000000cae80000, 0x00000000ecc80000)
  object space 74240K, 75% used [0x00000000c6600000,0x00000000c9c8d188,0x00000000cae80000)
 PSPermGen       total 27648K, used 13782K [0x00000000bc000000, 0x00000000bdb00000, 0x00000000c6600000)
  object space 27648K, 49% used [0x00000000bc000000,0x00000000bcd75a40,0x00000000bdb00000)
Event: 5.401 GC heap after
Heap after GC invocations=18 (full 1):
 PSYoungGen      total 269824K, used 905K [0x00000000ecc80000, 0x0000000100000000, 0x0000000100000000)
  eden space 251392K, 0% used [0x00000000ecc80000,0x00000000ecc80000,0x00000000fc200000)
  from space 18432K, 4% used [0x00000000fc200000,0x00000000fc2e25a0,0x00000000fd400000)
  to   space 17920K, 0% used [0x00000000fee80000,0x00000000fee80000,0x0000000100000000)
 ParOldGen       total 74240K, used 55860K [0x00000000c6600000, 0x00000000cae80000, 0x00000000ecc80000)
  object space 74240K, 75% used [0x00000000c6600000,0x00000000c9c8d188,0x00000000cae80000)
 PSPermGen       total 27648K, used 13782K [0x00000000bc000000, 0x00000000bdb00000, 0x00000000c6600000)
  object space 27648K, 49% used [0x00000000bc000000,0x00000000bcd75a40,0x00000000bdb00000)
}

