# JRE version: OpenJDK Runtime Environment (7.0_65-b32) (build 1.7.0_65-b32)
# Java VM: OpenJDK 64-Bit Server VM (24.65-b04 mixed mode linux-amd64 compressed oops)
Heap
 PSYoungGen      total 301056K, used 285181K [0x00000000ecc80000, 0x0000000100000000, 0x0000000100000000)
  eden space 287232K, 99% used [0x00000000ecc80000,0x00000000fe2ff500,0x00000000fe500000)
  from space 13824K, 0% used [0x00000000fe500000,0x00000000fe500000,0x00000000ff280000)
  to   space 13824K, 0% used [0x00000000ff280000,0x00000000ff280000,0x0000000100000000)
 ParOldGen       total 265728K, used 263373K [0x00000000c6600000, 0x00000000d6980000, 0x00000000ecc80000)
  object space 265728K, 99% used [0x00000000c6600000,0x00000000d6733690,0x00000000d6980000)
 PSPermGen       total 32256K, used 14760K [0x00000000bc000000, 0x00000000bdf80000, 0x00000000c6600000)
  object space 32256K, 45% used [0x00000000bc000000,0x00000000bce6a000,0x00000000bdf80000)
GC Heap History (10 events):
Event: 12.752 GC heap before
{Heap before GC invocations=90 (full 2):
 PSYoungGen      total 296960K, used 292079K [0x00000000ecc80000, 0x0000000100000000, 0x0000000100000000)
  eden space 288256K, 98% used [0x00000000ecc80000,0x00000000fe15ca78,0x00000000fe600000)
  from space 8704K, 98% used [0x00000000fe600000,0x00000000fee5f1a0,0x00000000fee80000)
  to   space 13824K, 0% used [0x00000000ff280000,0x00000000ff280000,0x0000000100000000)
 ParOldGen       total 47104K, used 5266K [0x00000000c6600000, 0x00000000c9400000, 0x00000000ecc80000)
  object space 47104K, 11% used [0x00000000c6600000,0x00000000c6b24868,0x00000000c9400000)
 PSPermGen       total 33280K, used 14759K [0x00000000bc000000, 0x00000000be080000, 0x00000000c6600000)
  object space 33280K, 44% used [0x00000000bc000000,0x00000000bce69db0,0x00000000be080000)
Event: 12.757 GC heap after
Heap after GC invocations=90 (full 2):
 PSYoungGen      total 301056K, used 8658K [0x00000000ecc80000, 0x0000000100000000, 0x0000000100000000)
  eden space 287232K, 0% used [0x00000000ecc80000,0x00000000ecc80000,0x00000000fe500000)
  from space 13824K, 62% used [0x00000000ff280000,0x00000000ffaf48e0,0x0000000100000000)
  to   space 13824K, 0% used [0x00000000fe500000,0x00000000fe500000,0x00000000ff280000)
 ParOldGen       total 47104K, used 5266K [0x00000000c6600000, 0x00000000c9400000, 0x00000000ecc80000)
  object space 47104K, 11% used [0x00000000c6600000,0x00000000c6b24868,0x00000000c9400000)
 PSPermGen       total 33280K, used 14759K [0x00000000bc000000, 0x00000000be080000, 0x00000000c6600000)
  object space 33280K, 44% used [0x00000000bc000000,0x00000000bce69db0,0x00000000be080000)
}
Event: 12.872 GC heap before
{Heap before GC invocations=91 (full 2):
 PSYoungGen      total 301056K, used 293951K [0x00000000ecc80000, 0x0000000100000000, 0x0000000100000000)
  eden space 287232K, 99% used [0x00000000ecc80000,0x00000000fe31b6d0,0x00000000fe500000)
  from space 13824K, 62% used [0x00000000ff280000,0x00000000ffaf48e0,0x0000000100000000)
  to   space 13824K, 0% used [0x00000000fe500000,0x00000000fe500000,0x00000000ff280000)
 ParOldGen       total 47104K, used 5266K [0x00000000c6600000, 0x00000000c9400000, 0x00000000ecc80000)
  object space 47104K, 11% used [0x00000000c6600000,0x00000000c6b24868,0x00000000c9400000)
 PSPermGen       total 33280K, used 14759K [0x00000000bc000000, 0x00000000be080000, 0x00000000c6600000)
  object space 33280K, 44% used [0x00000000bc000000,0x00000000bce69e98,0x00000000be080000)
Event: 12.877 GC heap after
Heap after GC invocations=91 (full 2):
 PSYoungGen      total 301056K, used 8743K [0x00000000ecc80000, 0x0000000100000000, 0x0000000100000000)
  eden space 287232K, 0% used [0x00000000ecc80000,0x00000000ecc80000,0x00000000fe500000)
  from space 13824K, 63% used [0x00000000fe500000,0x00000000fed89eb8,0x00000000ff280000)
  to   space 13824K, 0% used [0x00000000ff280000,0x00000000ff280000,0x0000000100000000)
 ParOldGen       total 47104K, used 5266K [0x00000000c6600000, 0x00000000c9400000, 0x00000000ecc80000)
  object space 47104K, 11% used [0x00000000c6600000,0x00000000c6b24868,0x00000000c9400000)
 PSPermGen       total 33280K, used 14759K [0x00000000bc000000, 0x00000000be080000, 0x00000000c6600000)
  object space 33280K, 44% used [0x00000000bc000000,0x00000000bce69e98,0x00000000be080000)
}
Event: 13.001 GC heap before
{Heap before GC invocations=92 (full 2):
 PSYoungGen      total 301056K, used 295843K [0x00000000ecc80000, 0x0000000100000000, 0x0000000100000000)
  eden space 287232K, 99% used [0x00000000ecc80000,0x00000000fe4def88,0x00000000fe500000)
  from space 13824K, 63% used [0x00000000fe500000,0x00000000fed89eb8,0x00000000ff280000)
  to   space 13824K, 0% used [0x00000000ff280000,0x00000000ff280000,0x0000000100000000)
 ParOldGen       total 47104K, used 5266K [0x00000000c6600000, 0x00000000c9400000, 0x00000000ecc80000)
  object space 47104K, 11% used [0x00000000c6600000,0x00000000c6b24868,0x00000000c9400000)
 PSPermGen       total 33280K, used 14759K [0x00000000bc000000, 0x00000000be080000, 0x00000000c6600000)
  object space 33280K, 44% used [0x00000000bc000000,0x00000000bce69e98,0x00000000be080000)
Event: 13.006 GC heap after
Heap after GC invocations=92 (full 2):
 PSYoungGen      total 301056K, used 8765K [0x00000000ecc80000, 0x0000000100000000, 0x0000000100000000)
  eden space 287232K, 0% used [0x00000000ecc80000,0x00000000ecc80000,0x00000000fe500000)
  from space 13824K, 63% used [0x00000000ff280000,0x00000000ffb0f778,0x0000000100000000)
  to   space 13824K, 0% used [0x00000000fe500000,0x00000000fe500000,0x00000000ff280000)
 ParOldGen       total 47104K, used 5266K [0x00000000c6600000, 0x00000000c9400000, 0x00000000ecc80000)
  object space 47104K, 11% used [0x00000000c6600000,0x00000000c6b24868,0x00000000c9400000)
 PSPermGen       total 33280K, used 14759K [0x00000000bc000000, 0x00000000be080000, 0x00000000c6600000)
  object space 33280K, 44% used [0x00000000bc000000,0x00000000bce69e98,0x00000000be080000)
}
Event: 13.126 GC heap before
{Heap before GC invocations=93 (full 2):
 PSYoungGen      total 301056K, used 294798K [0x00000000ecc80000, 0x0000000100000000, 0x0000000100000000)
  eden space 287232K, 99% used [0x00000000ecc80000,0x00000000fe3d42f8,0x00000000fe500000)
  from space 13824K, 63% used [0x00000000ff280000,0x00000000ffb0f778,0x0000000100000000)
  to   space 13824K, 0% used [0x00000000fe500000,0x00000000fe500000,0x00000000ff280000)
 ParOldGen       total 47104K, used 8163K [0x00000000c6600000, 0x00000000c9400000, 0x00000000ecc80000)
  object space 47104K, 17% used [0x00000000c6600000,0x00000000c6df8fc0,0x00000000c9400000)
 PSPermGen       total 33280K, used 14759K [0x00000000bc000000, 0x00000000be080000, 0x00000000c6600000)
  object space 33280K, 44% used [0x00000000bc000000,0x00000000bce69e98,0x00000000be080000)
Event: 13.129 GC heap after
Heap after GC invocations=93 (full 2):
 PSYoungGen      total 301056K, used 3025K [0x00000000ecc80000, 0x0000000100000000, 0x0000000100000000)
  eden space 287232K, 0% used [0x00000000ecc80000,0x00000000ecc80000,0x00000000fe500000)
  from space 13824K, 21% used [0x00000000fe500000,0x00000000fe7f4758,0x00000000ff280000)
  to   space 13824K, 0% used [0x00000000ff280000,0x00000000ff280000,0x0000000100000000)
 ParOldGen       total 47104K, used 8163K [0x00000000c6600000, 0x00000000c9400000, 0x00000000ecc80000)
  object space 47104K, 17% used [0x00000000c6600000,0x00000000c6df8fc0,0x00000000c9400000)
 PSPermGen       total 33280K, used 14759K [0x00000000bc000000, 0x00000000be080000, 0x00000000c6600000)
  object space 33280K, 44% used [0x00000000bc000000,0x00000000bce69e98,0x00000000be080000)
}
Event: 13.544 GC heap before
{Heap before GC invocations=94 (full 3):
 PSYoungGen      total 301056K, used 288070K [0x00000000ecc80000, 0x0000000100000000, 0x0000000100000000)
  eden space 287232K, 99% used [0x00000000ecc80000,0x00000000fe2dd358,0x00000000fe500000)
  from space 13824K, 21% used [0x00000000fe500000,0x00000000fe7f4758,0x00000000ff280000)
  to   space 13824K, 0% used [0x00000000ff280000,0x00000000ff280000,0x0000000100000000)
 ParOldGen       total 256000K, used 253717K [0x00000000c6600000, 0x00000000d6000000, 0x00000000ecc80000)
  object space 256000K, 99% used [0x00000000c6600000,0x00000000d5dc56e0,0x00000000d6000000)
 PSPermGen       total 33280K, used 14760K [0x00000000bc000000, 0x00000000be080000, 0x00000000c6600000)
  object space 33280K, 44% used [0x00000000bc000000,0x00000000bce6a000,0x00000000be080000)
Event: 15.730 GC heap after
Heap after GC invocations=94 (full 3):
 PSYoungGen      total 301056K, used 0K [0x00000000ecc80000, 0x0000000100000000, 0x0000000100000000)
  eden space 287232K, 0% used [0x00000000ecc80000,0x00000000ecc80000,0x00000000fe500000)
  from space 13824K, 0% used [0x00000000fe500000,0x00000000fe500000,0x00000000ff280000)
  to   space 13824K, 0% used [0x00000000ff280000,0x00000000ff280000,0x0000000100000000)
 ParOldGen       total 59904K, used 12150K [0x00000000c6600000, 0x00000000ca080000, 0x00000000ecc80000)
  object space 59904K, 20% used [0x00000000c6600000,0x00000000c71dda80,0x00000000ca080000)
 PSPermGen       total 32256K, used 14760K [0x00000000bc000000, 0x00000000bdf80000, 0x00000000c6600000)
  object space 32256K, 45% used [0x00000000bc000000,0x00000000bce6a000,0x00000000bdf80000)
}

