# JRE version: OpenJDK Runtime Environment (7.0_65-b32) (build 1.7.0_65-b32)
# Java VM: OpenJDK 64-Bit Server VM (24.65-b04 mixed mode linux-amd64 compressed oops)
Heap
 PSYoungGen      total 210944K, used 0K [0x00000000ecc80000, 0x00000000fff80000, 0x0000000100000000)
  eden space 117760K, 0% used [0x00000000ecc80000,0x00000000ecc80000,0x00000000f3f80000)
  from space 93184K, 0% used [0x00000000f3f80000,0x00000000f3f80000,0x00000000f9a80000)
  to   space 93184K, 0% used [0x00000000fa480000,0x00000000fa480000,0x00000000fff80000)
 ParOldGen       total 530432K, used 509220K [0x00000000c6600000, 0x00000000e6c00000, 0x00000000ecc80000)
  object space 530432K, 96% used [0x00000000c6600000,0x00000000e5749240,0x00000000e6c00000)
 PSPermGen       total 26624K, used 14960K [0x00000000bc000000, 0x00000000bda00000, 0x00000000c6600000)
  object space 26624K, 56% used [0x00000000bc000000,0x00000000bce9c3b8,0x00000000bda00000)
GC Heap History (10 events):
Event: 13.151 GC heap after
Heap after GC invocations=58 (full 7):
 PSYoungGen      total 177152K, used 62816K [0x00000000ecc80000, 0x0000000100000000, 0x0000000100000000)
  eden space 114176K, 0% used [0x00000000ecc80000,0x00000000ecc80000,0x00000000f3c00000)
  from space 62976K, 99% used [0x00000000f3c00000,0x00000000f7958000,0x00000000f7980000)
  to   space 101376K, 0% used [0x00000000f9d00000,0x00000000f9d00000,0x0000000100000000)
 ParOldGen       total 530432K, used 418841K [0x00000000c6600000, 0x00000000e6c00000, 0x00000000ecc80000)
  object space 530432K, 78% used [0x00000000c6600000,0x00000000dff06470,0x00000000e6c00000)
 PSPermGen       total 26624K, used 14960K [0x00000000bc000000, 0x00000000bda00000, 0x00000000c6600000)
  object space 26624K, 56% used [0x00000000bc000000,0x00000000bce9c2d8,0x00000000bda00000)
}
Event: 13.209 GC heap before
{Heap before GC invocations=59 (full 7):
 PSYoungGen      total 177152K, used 176992K [0x00000000ecc80000, 0x0000000100000000, 0x0000000100000000)
  eden space 114176K, 100% used [0x00000000ecc80000,0x00000000f3c00000,0x00000000f3c00000)
  from space 62976K, 99% used [0x00000000f3c00000,0x00000000f7958000,0x00000000f7980000)
  to   space 101376K, 0% used [0x00000000f9d00000,0x00000000f9d00000,0x0000000100000000)
 ParOldGen       total 530432K, used 418841K [0x00000000c6600000, 0x00000000e6c00000, 0x00000000ecc80000)
  object space 530432K, 78% used [0x00000000c6600000,0x00000000dff06470,0x00000000e6c00000)
 PSPermGen       total 26624K, used 14960K [0x00000000bc000000, 0x00000000bda00000, 0x00000000c6600000)
  object space 26624K, 56% used [0x00000000bc000000,0x00000000bce9c2d8,0x00000000bda00000)
Event: 13.287 GC heap after
Heap after GC invocations=59 (full 7):
 PSYoungGen      total 218624K, used 46976K [0x00000000ecc80000, 0x0000000100000000, 0x0000000100000000)
  eden space 117248K, 0% used [0x00000000ecc80000,0x00000000ecc80000,0x00000000f3f00000)
  from space 101376K, 46% used [0x00000000f9d00000,0x00000000fcae0000,0x0000000100000000)
  to   space 96256K, 0% used [0x00000000f3f00000,0x00000000f3f00000,0x00000000f9d00000)
 ParOldGen       total 530432K, used 442960K [0x00000000c6600000, 0x00000000e6c00000, 0x00000000ecc80000)
  object space 530432K, 83% used [0x00000000c6600000,0x00000000e1694218,0x00000000e6c00000)
 PSPermGen       total 26624K, used 14960K [0x00000000bc000000, 0x00000000bda00000, 0x00000000c6600000)
  object space 26624K, 56% used [0x00000000bc000000,0x00000000bce9c2d8,0x00000000bda00000)
}
Event: 13.347 GC heap before
{Heap before GC invocations=60 (full 7):
 PSYoungGen      total 218624K, used 164224K [0x00000000ecc80000, 0x0000000100000000, 0x0000000100000000)
  eden space 117248K, 100% used [0x00000000ecc80000,0x00000000f3f00000,0x00000000f3f00000)
  from space 101376K, 46% used [0x00000000f9d00000,0x00000000fcae0000,0x0000000100000000)
  to   space 96256K, 0% used [0x00000000f3f00000,0x00000000f3f00000,0x00000000f9d00000)
 ParOldGen       total 530432K, used 442960K [0x00000000c6600000, 0x00000000e6c00000, 0x00000000ecc80000)
  object space 530432K, 83% used [0x00000000c6600000,0x00000000e1694218,0x00000000e6c00000)
 PSPermGen       total 26624K, used 14960K [0x00000000bc000000, 0x00000000bda00000, 0x00000000c6600000)
  object space 26624K, 56% used [0x00000000bc000000,0x00000000bce9c2d8,0x00000000bda00000)
Event: 13.402 GC heap after
Heap after GC invocations=60 (full 7):
 PSYoungGen      total 150528K, used 32960K [0x00000000ecc80000, 0x00000000ff600000, 0x0000000100000000)
  eden space 117248K, 0% used [0x00000000ecc80000,0x00000000ecc80000,0x00000000f3f00000)
  from space 33280K, 99% used [0x00000000f3f00000,0x00000000f5f30010,0x00000000f5f80000)
  to   space 93696K, 0% used [0x00000000f9a80000,0x00000000f9a80000,0x00000000ff600000)
 ParOldGen       total 530432K, used 465468K [0x00000000c6600000, 0x00000000e6c00000, 0x00000000ecc80000)
  object space 530432K, 87% used [0x00000000c6600000,0x00000000e2c8f270,0x00000000e6c00000)
 PSPermGen       total 26624K, used 14960K [0x00000000bc000000, 0x00000000bda00000, 0x00000000c6600000)
  object space 26624K, 56% used [0x00000000bc000000,0x00000000bce9c2d8,0x00000000bda00000)
}
Event: 13.463 GC heap before
{Heap before GC invocations=61 (full 7):
 PSYoungGen      total 150528K, used 150208K [0x00000000ecc80000, 0x00000000ff600000, 0x0000000100000000)
  eden space 117248K, 100% used [0x00000000ecc80000,0x00000000f3f00000,0x00000000f3f00000)
  from space 33280K, 99% used [0x00000000f3f00000,0x00000000f5f30010,0x00000000f5f80000)
  to   space 93696K, 0% used [0x00000000f9a80000,0x00000000f9a80000,0x00000000ff600000)
 ParOldGen       total 530432K, used 465468K [0x00000000c6600000, 0x00000000e6c00000, 0x00000000ecc80000)
  object space 530432K, 87% used [0x00000000c6600000,0x00000000e2c8f270,0x00000000e6c00000)
 PSPermGen       total 26624K, used 14960K [0x00000000bc000000, 0x00000000bda00000, 0x00000000c6600000)
  object space 26624K, 56% used [0x00000000bc000000,0x00000000bce9c3b8,0x00000000bda00000)
Event: 13.499 GC heap after
Heap after GC invocations=61 (full 7):
 PSYoungGen      total 211456K, used 23104K [0x00000000ecc80000, 0x0000000100000000, 0x0000000100000000)
  eden space 117760K, 0% used [0x00000000ecc80000,0x00000000ecc80000,0x00000000f3f80000)
  from space 93696K, 24% used [0x00000000f9a80000,0x00000000fb110000,0x00000000ff600000)
  to   space 93184K, 0% used [0x00000000f3f80000,0x00000000f3f80000,0x00000000f9a80000)
 ParOldGen       total 530432K, used 483552K [0x00000000c6600000, 0x00000000e6c00000, 0x00000000ecc80000)
  object space 530432K, 91% used [0x00000000c6600000,0x00000000e3e38058,0x00000000e6c00000)
 PSPermGen       total 26624K, used 14960K [0x00000000bc000000, 0x00000000bda00000, 0x00000000c6600000)
  object space 26624K, 56% used [0x00000000bc000000,0x00000000bce9c3b8,0x00000000bda00000)
}
Event: 13.559 GC heap before
{Heap before GC invocations=62 (full 7):
 PSYoungGen      total 211456K, used 140864K [0x00000000ecc80000, 0x0000000100000000, 0x0000000100000000)
  eden space 117760K, 100% used [0x00000000ecc80000,0x00000000f3f80000,0x00000000f3f80000)
  from space 93696K, 24% used [0x00000000f9a80000,0x00000000fb110000,0x00000000ff600000)
  to   space 93184K, 0% used [0x00000000f3f80000,0x00000000f3f80000,0x00000000f9a80000)
 ParOldGen       total 530432K, used 483552K [0x00000000c6600000, 0x00000000e6c00000, 0x00000000ecc80000)
  object space 530432K, 91% used [0x00000000c6600000,0x00000000e3e38058,0x00000000e6c00000)
 PSPermGen       total 26624K, used 14960K [0x00000000bc000000, 0x00000000bda00000, 0x00000000c6600000)
  object space 26624K, 56% used [0x00000000bc000000,0x00000000bce9c3b8,0x00000000bda00000)
Event: 13.586 GC heap after
Heap after GC invocations=62 (full 7):
 PSYoungGen      total 210944K, used 16553K [0x00000000ecc80000, 0x00000000fff80000, 0x0000000100000000)
  eden space 117760K, 0% used [0x00000000ecc80000,0x00000000ecc80000,0x00000000f3f80000)
  from space 93184K, 17% used [0x00000000f3f80000,0x00000000f4faa7a8,0x00000000f9a80000)
  to   space 93184K, 0% used [0x00000000fa480000,0x00000000fa480000,0x00000000fff80000)
 ParOldGen       total 530432K, used 499343K [0x00000000c6600000, 0x00000000e6c00000, 0x00000000ecc80000)
  object space 530432K, 94% used [0x00000000c6600000,0x00000000e4da3ea0,0x00000000e6c00000)
 PSPermGen       total 26624K, used 14960K [0x00000000bc000000, 0x00000000bda00000, 0x00000000c6600000)
  object space 26624K, 56% used [0x00000000bc000000,0x00000000bce9c3b8,0x00000000bda00000)
}
Event: 13.586 GC heap before
{Heap before GC invocations=63 (full 8):
 PSYoungGen      total 210944K, used 16553K [0x00000000ecc80000, 0x00000000fff80000, 0x0000000100000000)
  eden space 117760K, 0% used [0x00000000ecc80000,0x00000000ecc80000,0x00000000f3f80000)
  from space 93184K, 17% used [0x00000000f3f80000,0x00000000f4faa7a8,0x00000000f9a80000)
  to   space 93184K, 0% used [0x00000000fa480000,0x00000000fa480000,0x00000000fff80000)
 ParOldGen       total 530432K, used 499343K [0x00000000c6600000, 0x00000000e6c00000, 0x00000000ecc80000)
  object space 530432K, 94% used [0x00000000c6600000,0x00000000e4da3ea0,0x00000000e6c00000)
 PSPermGen       total 26624K, used 14960K [0x00000000bc000000, 0x00000000bda00000, 0x00000000c6600000)
  object space 26624K, 56% used [0x00000000bc000000,0x00000000bce9c3b8,0x00000000bda00000)

