# JRE version: OpenJDK Runtime Environment (7.0_65-b32) (build 1.7.0_65-b32)
# Java VM: OpenJDK 64-Bit Server VM (24.65-b04 mixed mode linux-amd64 compressed oops)
Heap
 PSYoungGen      total 239616K, used 35371K [0x00000000ecc80000, 0x0000000100000000, 0x0000000100000000)
  eden space 166400K, 0% used [0x00000000ecc80000,0x00000000ecc80000,0x00000000f6f00000)
  from space 73216K, 48% used [0x00000000fb880000,0x00000000fdb0afe0,0x0000000100000000)
  to   space 74240K, 0% used [0x00000000f6f00000,0x00000000f6f00000,0x00000000fb780000)
 ParOldGen       total 581632K, used 581423K [0x00000000c6600000, 0x00000000e9e00000, 0x00000000ecc80000)
  object space 581632K, 99% used [0x00000000c6600000,0x00000000e9dcbe58,0x00000000e9e00000)
 PSPermGen       total 27136K, used 14456K [0x00000000bc000000, 0x00000000bda80000, 0x00000000c6600000)
  object space 27136K, 53% used [0x00000000bc000000,0x00000000bce1e0b8,0x00000000bda80000)
GC Heap History (10 events):
Event: 13.887 GC heap after
Heap after GC invocations=68 (full 6):
 PSYoungGen      total 243712K, used 50016K [0x00000000ecc80000, 0x00000000fff80000, 0x0000000100000000)
  eden space 174080K, 0% used [0x00000000ecc80000,0x00000000ecc80000,0x00000000f7680000)
  from space 69632K, 71% used [0x00000000fbb80000,0x00000000fec58000,0x00000000fff80000)
  to   space 70144K, 0% used [0x00000000f7680000,0x00000000f7680000,0x00000000fbb00000)
 ParOldGen       total 581632K, used 527792K [0x00000000c6600000, 0x00000000e9e00000, 0x00000000ecc80000)
  object space 581632K, 90% used [0x00000000c6600000,0x00000000e696c2d8,0x00000000e9e00000)
 PSPermGen       total 27136K, used 14456K [0x00000000bc000000, 0x00000000bda80000, 0x00000000c6600000)
  object space 27136K, 53% used [0x00000000bc000000,0x00000000bce1e0b8,0x00000000bda80000)
}
Event: 13.982 GC heap before
{Heap before GC invocations=69 (full 6):
 PSYoungGen      total 243712K, used 224096K [0x00000000ecc80000, 0x00000000fff80000, 0x0000000100000000)
  eden space 174080K, 100% used [0x00000000ecc80000,0x00000000f7680000,0x00000000f7680000)
  from space 69632K, 71% used [0x00000000fbb80000,0x00000000fec58000,0x00000000fff80000)
  to   space 70144K, 0% used [0x00000000f7680000,0x00000000f7680000,0x00000000fbb00000)
 ParOldGen       total 581632K, used 527792K [0x00000000c6600000, 0x00000000e9e00000, 0x00000000ecc80000)
  object space 581632K, 90% used [0x00000000c6600000,0x00000000e696c2d8,0x00000000e9e00000)
 PSPermGen       total 27136K, used 14456K [0x00000000bc000000, 0x00000000bda80000, 0x00000000c6600000)
  object space 27136K, 53% used [0x00000000bc000000,0x00000000bce1e0b8,0x00000000bda80000)
Event: 14.029 GC heap after
Heap after GC invocations=69 (full 6):
 PSYoungGen      total 244224K, used 52768K [0x00000000ecc80000, 0x0000000100000000, 0x0000000100000000)
  eden space 174080K, 0% used [0x00000000ecc80000,0x00000000ecc80000,0x00000000f7680000)
  from space 70144K, 75% used [0x00000000f7680000,0x00000000faa08000,0x00000000fbb00000)
  to   space 70656K, 0% used [0x00000000fbb00000,0x00000000fbb00000,0x0000000100000000)
 ParOldGen       total 581632K, used 536831K [0x00000000c6600000, 0x00000000e9e00000, 0x00000000ecc80000)
  object space 581632K, 92% used [0x00000000c6600000,0x00000000e723fff0,0x00000000e9e00000)
 PSPermGen       total 27136K, used 14456K [0x00000000bc000000, 0x00000000bda80000, 0x00000000c6600000)
  object space 27136K, 53% used [0x00000000bc000000,0x00000000bce1e0b8,0x00000000bda80000)
}
Event: 14.119 GC heap before
{Heap before GC invocations=70 (full 6):
 PSYoungGen      total 244224K, used 226848K [0x00000000ecc80000, 0x0000000100000000, 0x0000000100000000)
  eden space 174080K, 100% used [0x00000000ecc80000,0x00000000f7680000,0x00000000f7680000)
  from space 70144K, 75% used [0x00000000f7680000,0x00000000faa08000,0x00000000fbb00000)
  to   space 70656K, 0% used [0x00000000fbb00000,0x00000000fbb00000,0x0000000100000000)
 ParOldGen       total 581632K, used 536831K [0x00000000c6600000, 0x00000000e9e00000, 0x00000000ecc80000)
  object space 581632K, 92% used [0x00000000c6600000,0x00000000e723fff0,0x00000000e9e00000)
 PSPermGen       total 27136K, used 14456K [0x00000000bc000000, 0x00000000bda80000, 0x00000000c6600000)
  object space 27136K, 53% used [0x00000000bc000000,0x00000000bce1e0b8,0x00000000bda80000)
Event: 14.171 GC heap after
Heap after GC invocations=70 (full 6):
 PSYoungGen      total 242176K, used 54528K [0x00000000ecc80000, 0x0000000100000000, 0x0000000100000000)
  eden space 171520K, 0% used [0x00000000ecc80000,0x00000000ecc80000,0x00000000f7400000)
  from space 70656K, 77% used [0x00000000fbb00000,0x00000000ff040000,0x0000000100000000)
  to   space 71680K, 0% used [0x00000000f7400000,0x00000000f7400000,0x00000000fba00000)
 ParOldGen       total 581632K, used 546929K [0x00000000c6600000, 0x00000000e9e00000, 0x00000000ecc80000)
  object space 581632K, 94% used [0x00000000c6600000,0x00000000e7c1c6a8,0x00000000e9e00000)
 PSPermGen       total 27136K, used 14456K [0x00000000bc000000, 0x00000000bda80000, 0x00000000c6600000)
  object space 27136K, 53% used [0x00000000bc000000,0x00000000bce1e0b8,0x00000000bda80000)
}
Event: 14.255 GC heap before
{Heap before GC invocations=71 (full 6):
 PSYoungGen      total 242176K, used 226048K [0x00000000ecc80000, 0x0000000100000000, 0x0000000100000000)
  eden space 171520K, 100% used [0x00000000ecc80000,0x00000000f7400000,0x00000000f7400000)
  from space 70656K, 77% used [0x00000000fbb00000,0x00000000ff040000,0x0000000100000000)
  to   space 71680K, 0% used [0x00000000f7400000,0x00000000f7400000,0x00000000fba00000)
 ParOldGen       total 581632K, used 546929K [0x00000000c6600000, 0x00000000e9e00000, 0x00000000ecc80000)
  object space 581632K, 94% used [0x00000000c6600000,0x00000000e7c1c6a8,0x00000000e9e00000)
 PSPermGen       total 27136K, used 14456K [0x00000000bc000000, 0x00000000bda80000, 0x00000000c6600000)
  object space 27136K, 53% used [0x00000000bc000000,0x00000000bce1e0b8,0x00000000bda80000)
Event: 14.312 GC heap after
Heap after GC invocations=71 (full 6):
 PSYoungGen      total 227840K, used 55936K [0x00000000ecc80000, 0x0000000100000000, 0x0000000100000000)
  eden space 171520K, 0% used [0x00000000ecc80000,0x00000000ecc80000,0x00000000f7400000)
  from space 56320K, 99% used [0x00000000f7400000,0x00000000faaa0000,0x00000000fab00000)
  to   space 73216K, 0% used [0x00000000fb880000,0x00000000fb880000,0x0000000100000000)
 ParOldGen       total 581632K, used 557072K [0x00000000c6600000, 0x00000000e9e00000, 0x00000000ecc80000)
  object space 581632K, 95% used [0x00000000c6600000,0x00000000e8604398,0x00000000e9e00000)
 PSPermGen       total 27136K, used 14456K [0x00000000bc000000, 0x00000000bda80000, 0x00000000c6600000)
  object space 27136K, 53% used [0x00000000bc000000,0x00000000bce1e0b8,0x00000000bda80000)
}
Event: 14.400 GC heap before
{Heap before GC invocations=72 (full 6):
 PSYoungGen      total 227840K, used 227456K [0x00000000ecc80000, 0x0000000100000000, 0x0000000100000000)
  eden space 171520K, 100% used [0x00000000ecc80000,0x00000000f7400000,0x00000000f7400000)
  from space 56320K, 99% used [0x00000000f7400000,0x00000000faaa0000,0x00000000fab00000)
  to   space 73216K, 0% used [0x00000000fb880000,0x00000000fb880000,0x0000000100000000)
 ParOldGen       total 581632K, used 557072K [0x00000000c6600000, 0x00000000e9e00000, 0x00000000ecc80000)
  object space 581632K, 95% used [0x00000000c6600000,0x00000000e8604398,0x00000000e9e00000)
 PSPermGen       total 27136K, used 14456K [0x00000000bc000000, 0x00000000bda80000, 0x00000000c6600000)
  object space 27136K, 53% used [0x00000000bc000000,0x00000000bce1e0b8,0x00000000bda80000)
Event: 14.455 GC heap after
Heap after GC invocations=72 (full 6):
 PSYoungGen      total 239616K, used 56672K [0x00000000ecc80000, 0x0000000100000000, 0x0000000100000000)
  eden space 166400K, 0% used [0x00000000ecc80000,0x00000000ecc80000,0x00000000f6f00000)
  from space 73216K, 77% used [0x00000000fb880000,0x00000000fefd8000,0x0000000100000000)
  to   space 74240K, 0% used [0x00000000f6f00000,0x00000000f6f00000,0x00000000fb780000)
 ParOldGen       total 581632K, used 568216K [0x00000000c6600000, 0x00000000e9e00000, 0x00000000ecc80000)
  object space 581632K, 97% used [0x00000000c6600000,0x00000000e90e6090,0x00000000e9e00000)
 PSPermGen       total 27136K, used 14456K [0x00000000bc000000, 0x00000000bda80000, 0x00000000c6600000)
  object space 27136K, 53% used [0x00000000bc000000,0x00000000bce1e0b8,0x00000000bda80000)
}
Event: 14.456 GC heap before
{Heap before GC invocations=73 (full 7):
 PSYoungGen      total 239616K, used 56672K [0x00000000ecc80000, 0x0000000100000000, 0x0000000100000000)
  eden space 166400K, 0% used [0x00000000ecc80000,0x00000000ecc80000,0x00000000f6f00000)
  from space 73216K, 77% used [0x00000000fb880000,0x00000000fefd8000,0x0000000100000000)
  to   space 74240K, 0% used [0x00000000f6f00000,0x00000000f6f00000,0x00000000fb780000)
 ParOldGen       total 581632K, used 568216K [0x00000000c6600000, 0x00000000e9e00000, 0x00000000ecc80000)
  object space 581632K, 97% used [0x00000000c6600000,0x00000000e90e6090,0x00000000e9e00000)
 PSPermGen       total 27136K, used 14456K [0x00000000bc000000, 0x00000000bda80000, 0x00000000c6600000)
  object space 27136K, 53% used [0x00000000bc000000,0x00000000bce1e0b8,0x00000000bda80000)

